#
# There is insufficient memory for the Java Runtime Environment to continue.
# Native memory allocation (malloc) failed to allocate 262160 bytes for Chunk::new
# Possible reasons:
#   The system is out of physical RAM or swap space
#   In 32 bit mode, the process size limit was hit
# Possible solutions:
#   Reduce memory load on the system
#   Increase physical memory or swap space
#   Check if swap backing store is full
#   Use 64 bit Java on a 64 bit OS
#   Decrease Java heap size (-Xmx/-Xms)
#   Decrease number of Java threads
#   Decrease Java thread stack sizes (-Xss)
#   Set larger code cache with -XX:ReservedCodeCacheSize=
# This output file may be truncated or incomplete.
#
#  Out of Memory Error (allocation.cpp:390), pid=12144, tid=0x0000000000000978
#
# JRE version: OpenJDK Runtime Environment (8.0_76-b03) (build 1.8.0_76-release-b03)
# Java VM: OpenJDK 64-Bit Server VM (25.76-b03 mixed mode windows-amd64 compressed oops)
# Failed to write core dump. Minidumps are not enabled by default on client versions of Windows
#

---------------  T H R E A D  ---------------

Current thread (0x000000001638b800):  JavaThread "C2 CompilerThread1" daemon [_thread_in_native, id=2424, stack(0x00000000179e0000,0x0000000017ae0000)]

Stack: [0x00000000179e0000,0x0000000017ae0000]
[error occurred during error reporting (printing stack bounds), id 0xc0000005]

Native frames: (J=compiled Java code, j=interpreted, Vv=VM code, C=native code)


Current CompileTask:
C2:3677138 12697       4       org.gradle.api.internal.artifacts.ivyservice.resolveengine.graph.DependencyGraphBuilder$ConfigurationNode::visitOutgoingDependencies (326 bytes)


---------------  P R O C E S S  ---------------

Java Threads: ( => current thread )
  0x000000001d135800 JavaThread "Stdin handler" [_thread_blocked, id=15072, stack(0x0000000035290000,0x0000000035390000)]
  0x000000001d133000 JavaThread "Asynchronous log dispatcher for org.gradle.launcher.daemon.server.DefaultDaemonConnection@3efb9a01" [_thread_blocked, id=5584, stack(0x0000000035190000,0x0000000035290000)]
  0x000000001d138800 JavaThread "Daemon worker Thread 3" [_thread_in_Java, id=10072, stack(0x0000000035090000,0x0000000035190000)]
  0x000000001d137800 JavaThread "Cancel handler" [_thread_blocked, id=8532, stack(0x0000000034f90000,0x0000000035090000)]
  0x000000001d13a000 JavaThread "Handler for socket connection from /127.0.0.1:17794 to /127.0.0.1:3062" [_thread_in_native, id=9616, stack(0x0000000034e90000,0x0000000034f90000)]
  0x000000001d139000 JavaThread "Daemon Thread 3" [_thread_blocked, id=15968, stack(0x0000000034d90000,0x0000000034e90000)]
  0x000000001d134000 JavaThread "Java2D Disposer" daemon [_thread_blocked, id=3424, stack(0x0000000023d90000,0x0000000023e90000)]
  0x0000000019715800 JavaThread "File lock request listener" [_thread_in_native, id=10276, stack(0x000000001bad0000,0x000000001bbd0000)]
  0x0000000017b33800 JavaThread "pool-1-thread-1" [_thread_blocked, id=13176, stack(0x0000000019e00000,0x0000000019f00000)]
  0x0000000017b31000 JavaThread "Incoming local TCP Connector on port 17794" [_thread_in_native, id=16804, stack(0x0000000019a60000,0x0000000019b60000)]
  0x0000000017b44800 JavaThread "Service Thread" daemon [_thread_blocked, id=1960, stack(0x0000000017fe0000,0x00000000180e0000)]
  0x0000000017b39000 JavaThread "C1 CompilerThread2" daemon [_thread_blocked, id=14504, stack(0x0000000017ee0000,0x0000000017fe0000)]
=>0x000000001638b800 JavaThread "C2 CompilerThread1" daemon [_thread_in_native, id=2424, stack(0x00000000179e0000,0x0000000017ae0000)]
  0x0000000016388800 JavaThread "C2 CompilerThread0" daemon [_thread_in_native, id=12592, stack(0x00000000178e0000,0x00000000179e0000)]
  0x000000001633b000 JavaThread "Attach Listener" daemon [_thread_blocked, id=18652, stack(0x00000000177e0000,0x00000000178e0000)]
  0x0000000016387800 JavaThread "Signal Dispatcher" daemon [_thread_blocked, id=7764, stack(0x00000000176e0000,0x00000000177e0000)]
  0x0000000016318000 JavaThread "Finalizer" daemon [_thread_blocked, id=2640, stack(0x0000000017580000,0x0000000017680000)]
  0x00000000029af000 JavaThread "Reference Handler" daemon [_thread_blocked, id=15716, stack(0x0000000017480000,0x0000000017580000)]
  0x00000000028c0800 JavaThread "main" [_thread_blocked, id=12440, stack(0x00000000027c0000,0x00000000028c0000)]

Other Threads:
  0x00000000162f5800 VMThread [stack: 0x0000000017380000,0x0000000017480000] [id=19140]
  0x0000000017b45800 WatcherThread [stack: 0x00000000180e0000,0x00000000181e0000] [id=17536]

VM state:not at safepoint (normal execution)

VM Mutex/Monitor currently owned by a thread: None

Heap:
 PSYoungGen      total 172544K, used 155966K [0x00000000e0000000, 0x00000000ec880000, 0x0000000100000000)
  eden space 146944K, 91% used [0x00000000e0000000,0x00000000e8386458,0x00000000e8f80000)
  from space 25600K, 83% used [0x00000000eab00000,0x00000000ebfc93c0,0x00000000ec400000)
  to   space 28160K, 0% used [0x00000000e8f80000,0x00000000e8f80000,0x00000000eab00000)
 ParOldGen       total 101888K, used 49069K [0x00000000a0000000, 0x00000000a6380000, 0x00000000e0000000)
  object space 101888K, 48% used [0x00000000a0000000,0x00000000a2feb410,0x00000000a6380000)
 Metaspace       used 68410K, capacity 71602K, committed 71856K, reserved 1112064K
  class space    used 8924K, capacity 9551K, committed 9648K, reserved 1048576K

Card table byte_map: [0x0000000011d80000,0x0000000012090000] byte_map_base: 0x0000000011880000

Marking Bits: (ParMarkBitMap*) 0x00000000549f9d00
 Begin Bits: [0x0000000012690000, 0x0000000013e90000)
 End Bits:   [0x0000000013e90000, 0x0000000015690000)

Polling page: 0x00000000008b0000

CodeCache: size=245760Kb used=36372Kb max_used=37355Kb free=209387Kb
 bounds [0x00000000029c0000, 0x0000000004e70000, 0x00000000119c0000]
 total_blobs=11210 nmethods=10331 adapters=790
 compilation: enabled

Compilation events (10 events):
Event: 3676.352 Thread 0x0000000017b39000 12756       3       org.gradle.api.internal.artifacts.configurations.DefaultConfiguration$1::<init> (10 bytes)
Event: 3676.352 Thread 0x0000000017b39000 nmethod 12756 0x000000000340a290 code [0x000000000340a3e0, 0x000000000340a5b0]
Event: 3676.353 Thread 0x0000000017b39000 12757       3       org.gradle.api.internal.artifacts.DefaultResolverResults::<init> (5 bytes)
Event: 3676.353 Thread 0x0000000017b39000 nmethod 12757 0x00000000034a6a50 code [0x00000000034a6ba0, 0x00000000034a6d50]
Event: 3676.355 Thread 0x0000000017b39000 12758       3       org.gradle.api.internal.artifacts.ivyservice.resolutionstrategy.DefaultResolutionStrategy::setMutationValidator (32 bytes)
Event: 3676.355 Thread 0x0000000017b39000 nmethod 12758 0x0000000003483b90 code [0x0000000003483d00, 0x00000000034840b0]
Event: 3676.357 Thread 0x0000000017b39000 12759       3       org.gradle.api.internal.artifacts.ivyservice.resolutionstrategy.DefaultCachePolicy::setMutationValidator (6 bytes)
Event: 3676.357 Thread 0x0000000017b39000 nmethod 12759 0x0000000002e89310 code [0x0000000002e89460, 0x0000000002e895d0]
Event: 3676.359 Thread 0x0000000017b39000 12760       3       org.gradle.api.internal.artifacts.ivyservice.resolutionstrategy.DefaultComponentSelectionRules::setMutationValidator (6 bytes)
Event: 3676.359 Thread 0x0000000017b39000 nmethod 12760 0x0000000003904a10 code [0x0000000003904b60, 0x0000000003904cd0]

GC Heap History (10 events):
Event: 1579.325 GC heap before
{Heap before GC invocations=20 (full 4):
 PSYoungGen      total 141312K, used 14908K [0x00000000e0000000, 0x00000000ea200000, 0x0000000100000000)
  eden space 119808K, 0% used [0x00000000e0000000,0x00000000e0000000,0x00000000e7500000)
  from space 21504K, 69% used [0x00000000e8b00000,0x00000000e998f230,0x00000000ea000000)
  to   space 22528K, 0% used [0x00000000e7500000,0x00000000e7500000,0x00000000e8b00000)
 ParOldGen       total 101888K, used 40900K [0x00000000a0000000, 0x00000000a6380000, 0x00000000e0000000)
  object space 101888K, 40% used [0x00000000a0000000,0x00000000a27f1368,0x00000000a6380000)
 Metaspace       used 60817K, capacity 63498K, committed 63792K, reserved 1103872K
  class space    used 8125K, capacity 8700K, committed 8752K, reserved 1048576K
Event: 1579.888 GC heap after
Heap after GC invocations=20 (full 4):
 PSYoungGen      total 141312K, used 0K [0x00000000e0000000, 0x00000000ea200000, 0x0000000100000000)
  eden space 119808K, 0% used [0x00000000e0000000,0x00000000e0000000,0x00000000e7500000)
  from space 21504K, 0% used [0x00000000e8b00000,0x00000000e8b00000,0x00000000ea000000)
  to   space 22528K, 0% used [0x00000000e7500000,0x00000000e7500000,0x00000000e8b00000)
 ParOldGen       total 101888K, used 43380K [0x00000000a0000000, 0x00000000a6380000, 0x00000000e0000000)
  object space 101888K, 42% used [0x00000000a0000000,0x00000000a2a5d230,0x00000000a6380000)
 Metaspace       used 59675K, capacity 61822K, committed 63792K, reserved 1103872K
  class space    used 7918K, capacity 8380K, committed 8752K, reserved 1048576K
}
Event: 1626.882 GC heap before
{Heap before GC invocations=21 (full 4):
 PSYoungGen      total 141312K, used 119808K [0x00000000e0000000, 0x00000000ea200000, 0x0000000100000000)
  eden space 119808K, 100% used [0x00000000e0000000,0x00000000e7500000,0x00000000e7500000)
  from space 21504K, 0% used [0x00000000e8b00000,0x00000000e8b00000,0x00000000ea000000)
  to   space 22528K, 0% used [0x00000000e7500000,0x00000000e7500000,0x00000000e8b00000)
 ParOldGen       total 101888K, used 43380K [0x00000000a0000000, 0x00000000a6380000, 0x00000000e0000000)
  object space 101888K, 42% used [0x00000000a0000000,0x00000000a2a5d230,0x00000000a6380000)
 Metaspace       used 61889K, capacity 64388K, committed 64816K, reserved 1105920K
  class space    used 8173K, capacity 8652K, committed 8752K, reserved 1048576K
Event: 1626.911 GC heap after
Heap after GC invocations=21 (full 4):
 PSYoungGen      total 142336K, used 6391K [0x00000000e0000000, 0x00000000eb180000, 0x0000000100000000)
  eden space 119808K, 0% used [0x00000000e0000000,0x00000000e0000000,0x00000000e7500000)
  from space 22528K, 28% used [0x00000000e7500000,0x00000000e7b3dc90,0x00000000e8b00000)
  to   space 21504K, 0% used [0x00000000e9c80000,0x00000000e9c80000,0x00000000eb180000)
 ParOldGen       total 101888K, used 43388K [0x00000000a0000000, 0x00000000a6380000, 0x00000000e0000000)
  object space 101888K, 42% used [0x00000000a0000000,0x00000000a2a5f230,0x00000000a6380000)
 Metaspace       used 61889K, capacity 64388K, committed 64816K, reserved 1105920K
  class space    used 8173K, capacity 8652K, committed 8752K, reserved 1048576K
}
Event: 1635.630 GC heap before
{Heap before GC invocations=22 (full 4):
 PSYoungGen      total 142336K, used 126199K [0x00000000e0000000, 0x00000000eb180000, 0x0000000100000000)
  eden space 119808K, 100% used [0x00000000e0000000,0x00000000e7500000,0x00000000e7500000)
  from space 22528K, 28% used [0x00000000e7500000,0x00000000e7b3dc90,0x00000000e8b00000)
  to   space 21504K, 0% used [0x00000000e9c80000,0x00000000e9c80000,0x00000000eb180000)
 ParOldGen       total 101888K, used 43388K [0x00000000a0000000, 0x00000000a6380000, 0x00000000e0000000)
  object space 101888K, 42% used [0x00000000a0000000,0x00000000a2a5f230,0x00000000a6380000)
 Metaspace       used 62874K, capacity 65698K, committed 65840K, reserved 1105920K
  class space    used 8330K, capacity 8887K, committed 9008K, reserved 1048576K
Event: 1635.666 GC heap after
Heap after GC invocations=22 (full 4):
 PSYoungGen      total 156160K, used 9377K [0x00000000e0000000, 0x00000000eae80000, 0x0000000100000000)
  eden space 137728K, 0% used [0x00000000e0000000,0x00000000e0000000,0x00000000e8680000)
  from space 18432K, 50% used [0x00000000e9c80000,0x00000000ea5a8728,0x00000000eae80000)
  to   space 20480K, 0% used [0x00000000e8680000,0x00000000e8680000,0x00000000e9a80000)
 ParOldGen       total 101888K, used 43396K [0x00000000a0000000, 0x00000000a6380000, 0x00000000e0000000)
  object space 101888K, 42% used [0x00000000a0000000,0x00000000a2a61230,0x00000000a6380000)
 Metaspace       used 62874K, capacity 65698K, committed 65840K, reserved 1105920K
  class space    used 8330K, capacity 8887K, committed 9008K, reserved 1048576K
}
Event: 1658.931 GC heap before
{Heap before GC invocations=23 (full 4):
 PSYoungGen      total 156160K, used 147105K [0x00000000e0000000, 0x00000000eae80000, 0x0000000100000000)
  eden space 137728K, 100% used [0x00000000e0000000,0x00000000e8680000,0x00000000e8680000)
  from space 18432K, 50% used [0x00000000e9c80000,0x00000000ea5a8728,0x00000000eae80000)
  to   space 20480K, 0% used [0x00000000e8680000,0x00000000e8680000,0x00000000e9a80000)
 ParOldGen       total 101888K, used 43396K [0x00000000a0000000, 0x00000000a6380000, 0x00000000e0000000)
  object space 101888K, 42% used [0x00000000a0000000,0x00000000a2a61230,0x00000000a6380000)
 Metaspace       used 66725K, capacity 69632K, committed 69808K, reserved 1110016K
  class space    used 8714K, capacity 9304K, committed 9392K, reserved 1048576K
Event: 1658.963 GC heap after
Heap after GC invocations=23 (full 4):
 PSYoungGen      total 158208K, used 20454K [0x00000000e0000000, 0x00000000ec400000, 0x0000000100000000)
  eden space 137728K, 0% used [0x00000000e0000000,0x00000000e0000000,0x00000000e8680000)
  from space 20480K, 99% used [0x00000000e8680000,0x00000000e9a799c0,0x00000000e9a80000)
  to   space 25600K, 0% used [0x00000000eab00000,0x00000000eab00000,0x00000000ec400000)
 ParOldGen       total 101888K, used 49061K [0x00000000a0000000, 0x00000000a6380000, 0x00000000e0000000)
  object space 101888K, 48% used [0x00000000a0000000,0x00000000a2fe9410,0x00000000a6380000)
 Metaspace       used 66725K, capacity 69632K, committed 69808K, reserved 1110016K
  class space    used 8714K, capacity 9304K, committed 9392K, reserved 1048576K
}
Event: 1668.488 GC heap before
{Heap before GC invocations=24 (full 4):
 PSYoungGen      total 158208K, used 158182K [0x00000000e0000000, 0x00000000ec400000, 0x0000000100000000)
  eden space 137728K, 100% used [0x00000000e0000000,0x00000000e8680000,0x00000000e8680000)
  from space 20480K, 99% used [0x00000000e8680000,0x00000000e9a799c0,0x00000000e9a80000)
  to   space 25600K, 0% used [0x00000000eab00000,0x00000000eab00000,0x00000000ec400000)
 ParOldGen       total 101888K, used 49061K [0x00000000a0000000, 0x00000000a6380000, 0x00000000e0000000)
  object space 101888K, 48% used [0x00000000a0000000,0x00000000a2fe9410,0x00000000a6380000)
 Metaspace       used 67020K, capacity 69904K, committed 70064K, reserved 1110016K
  class space    used 8719K, capacity 9304K, committed 9392K, reserved 1048576K
Event: 1668.517 GC heap after
Heap after GC invocations=24 (full 4):
 PSYoungGen      total 172544K, used 21284K [0x00000000e0000000, 0x00000000ec880000, 0x0000000100000000)
  eden space 146944K, 0% used [0x00000000e0000000,0x00000000e0000000,0x00000000e8f80000)
  from space 25600K, 83% used [0x00000000eab00000,0x00000000ebfc93c0,0x00000000ec400000)
  to   space 28160K, 0% used [0x00000000e8f80000,0x00000000e8f80000,0x00000000eab00000)
 ParOldGen       total 101888K, used 49069K [0x00000000a0000000, 0x00000000a6380000, 0x00000000e0000000)
  object space 101888K, 48% used [0x00000000a0000000,0x00000000a2feb410,0x00000000a6380000)
 Metaspace       used 67020K, capacity 69904K, committed 70064K, reserved 1110016K
  class space    used 8719K, capacity 9304K, committed 9392K, reserved 1048576K
}

Deoptimization events (10 events):
Event: 1669.087 Thread 0x000000001d137800 Uncommon trap: reason=unstable_if action=reinterpret pc=0x0000000004841fb8 method=java.io.WinNTFileSystem.resolve(Ljava/lang/String;Ljava/lang/String;)Ljava/lang/String; @ 36
Event: 1672.013 Thread 0x000000001929b800 Uncommon trap: reason=unstable_if action=reinterpret pc=0x0000000004c43b68 method=com.sun.org.apache.xerces.internal.dom.ElementNSImpl.getNamespaceURI()Ljava/lang/String; @ 4
Event: 3672.442 Thread 0x000000001d138800 Uncommon trap: reason=predicate action=maybe_recompile pc=0x0000000004b4fd3c method=java.util.ComparableTimSort.binarySort([Ljava/lang/Object;III)V @ 37
Event: 3675.112 Thread 0x000000001d138800 Uncommon trap: reason=unstable_if action=reinterpret pc=0x0000000002cf0eb8 method=com.google.gson.stream.JsonReader.peek()Lcom/google/gson/stream/JsonToken; @ 6
Event: 3675.113 Thread 0x000000001d138800 Uncommon trap: reason=unstable_if action=reinterpret pc=0x00000000044e3fc8 method=com.google.gson.stream.JsonReader.peekKeyword()I @ 37
Event: 3675.113 Thread 0x000000001d138800 Uncommon trap: reason=unstable_if action=reinterpret pc=0x0000000004ad4eac method=com.google.gson.stream.JsonReader.peekNumber()I @ 302
Event: 3675.114 Thread 0x000000001d138800 Uncommon trap: reason=unstable_if action=reinterpret pc=0x0000000004ac8820 method=com.google.gson.stream.JsonReader.nextInt()I @ 6
Event: 3675.994 Thread 0x000000001d138800 Uncommon trap: reason=unstable_if action=reinterpret pc=0x0000000003c84594 method=java.lang.ref.SoftReference.get()Ljava/lang/Object; @ 6
Event: 3676.091 Thread 0x000000001d138800 Uncommon trap: reason=unstable_if action=reinterpret pc=0x000000000323b504 method=java.lang.ref.SoftReference.get()Ljava/lang/Object; @ 6
Event: 3676.171 Thread 0x000000001d138800 Uncommon trap: reason=array_check action=maybe_recompile pc=0x0000000004b57d14 method=java.util.ComparableTimSort.binarySort([Ljava/lang/Object;III)V @ 215

Internal exceptions (10 events):
Event: 3675.994 Thread 0x000000001d138800 Implicit null exception at 0x0000000003c7eb44 to 0x0000000003c84561
Event: 3676.058 Thread 0x000000001d138800 Exception <a 'java/lang/ClassNotFoundException': com/android/build/gradle/tasks/CheckManifestInInstantRunMode_DecoratedBeanInfo> (0x00000000e7bd1130) thrown at [C:\src\android\AOSP-openjdk\external\jetbrains\jdk\hotspot\src\share\vm\classfile\systemDictionHñÌ≠∏¨@
Event: 3676.060 Thread 0x000000001d138800 Exception <a 'java/lang/ClassNotFoundException': com/android/build/gradle/tasks/CheckManifestInInstantRunModeBeanInfo> (0x00000000e7be4ea8) thrown at [C:\src\android\AOSP-openjdk\external\jetbrains\jdk\hotspot\src\share\vm\classfile\systemDictionary.cpp, l¿è|Û ∏¨@
Event: 3676.064 Thread 0x000000001d138800 Exception <a 'java/lang/ClassNotFoundException': com/android/build/gradle/tasks/CheckManifestInInstantRunModeCustomizer> (0x00000000e7bf9000) thrown at [C:\src\android\AOSP-openjdk\external\jetbrains\jdk\hotspot\src\share\vm\classfile\systemDictionary.cpp,Ω©@.∏¨@
Event: 3676.090 Thread 0x000000001d138800 Exception <a 'java/lang/ClassNotFoundException': com/android/build/gradle/tasks/CheckManifestInInstantRunMode_DecoratedCustomizer> (0x00000000e7ea0450) thrown at [C:\src\android\AOSP-openjdk\external\jetbrains\jdk\hotspot\src\share\vm\classfile\systemDictiÍ[áÅ.∏¨@
Event: 3676.091 Thread 0x000000001d138800 Implicit null exception at 0x0000000003235dcb to 0x000000000323b4c5
Event: 3676.175 Thread 0x000000001d138800 Exception <a 'java/lang/ClassNotFoundException': com/android/build/gradle/tasks/fd/GenerateInstantRunAppInfoTask_DecoratedBeanInfo> (0x00000000e7fd9570) thrown at [C:\src\android\AOSP-openjdk\external\jetbrains\jdk\hotspot\src\share\vm\classfile\systemDictî¥+Z∏¨@
Event: 3676.176 Thread 0x000000001d138800 Exception <a 'java/lang/ClassNotFoundException': com/android/build/gradle/tasks/fd/GenerateInstantRunAppInfoTaskBeanInfo> (0x00000000e7fedab0) thrown at [C:\src\android\AOSP-openjdk\external\jetbrains\jdk\hotspot\src\share\vm\classfile\systemDictionary.cpp◊QÀ¥Z∏¨@
Event: 3676.177 Thread 0x000000001d138800 Exception <a 'java/lang/ClassNotFoundException': com/android/build/gradle/tasks/fd/GenerateInstantRunAppInfoTaskCustomizer> (0x00000000e8002480) thrown at [C:\src\android\AOSP-openjdk\external\jetbrains\jdk\hotspot\src\share\vm\classfile\systemDictionary.c
Event: 3676.184 Thread 0x000000001d138800 Exception <a 'java/lang/ClassNotFoundException': com/android/build/gradle/tasks/fd/GenerateInstantRunAppInfoTask_DecoratedCustomizer> (0x00000000e80bcfa8) thrown at [C:\src\android\AOSP-openjdk\external\jetbrains\jdk\hotspot\src\share\vm\classfile\systemDiEXíÆ¸∑¨@

Events (10 events):
Event: 3676.358 Thread 0x0000000017b39000 flushing nmethod 0x00000000040310d0
Event: 3676.359 Thread 0x0000000017b39000 flushing nmethod 0x000000000405de90
Event: 3676.359 Thread 0x0000000017b39000 flushing nmethod 0x0000000004067b50
Event: 3676.359 Thread 0x0000000017b39000 flushing nmethod 0x000000000406ba10
Event: 3676.359 Thread 0x0000000017b39000 flushing nmethod 0x00000000040d9350
Event: 3676.360 Thread 0x0000000017b39000 flushing nmethod 0x00000000041e9550
Event: 3676.360 Thread 0x0000000017b39000 flushing nmethod 0x00000000041ef150
Event: 3676.360 Thread 0x0000000017b39000 flushing nmethod 0x000000000424d510
Event: 3676.360 Thread 0x0000000017b39000 flushing nmethod 0x0000000004262f90
Event: 3676.360 Thread 0x0000000017b39000 flushing nmethod 0x0000000004268810


Dynamic libraries:
0x00007ff7891a0000 - 0x00007ff7891d1000 	G:\Android\Android Studio\jre\bin\java.exe
0x00007ffa60e80000 - 0x00007ffa61051000 	C:\WINDOWS\SYSTEM32\ntdll.dll
0x00007ffa60b80000 - 0x00007ffa60c2b000 	C:\WINDOWS\System32\KERNEL32.DLL
0x00007ffa5d7c0000 - 0x00007ffa5d9dd000 	C:\WINDOWS\System32\KERNELBASE.dll
0x00007ffa5ea80000 - 0x00007ffa5eb22000 	C:\WINDOWS\System32\ADVAPI32.dll
0x00007ffa60980000 - 0x00007ffa60a1e000 	C:\WINDOWS\System32\msvcrt.dll
0x00007ffa5f190000 - 0x00007ffa5f1e9000 	C:\WINDOWS\System32\sechost.dll
0x00007ffa5ef60000 - 0x00007ffa5f081000 	C:\WINDOWS\System32\RPCRT4.dll
0x00007ffa5e6e0000 - 0x00007ffa5e845000 	C:\WINDOWS\System32\USER32.dll
0x00007ffa5e2d0000 - 0x00007ffa5e2ee000 	C:\WINDOWS\System32\win32u.dll
0x00007ffa5e860000 - 0x00007ffa5e894000 	C:\WINDOWS\System32\GDI32.dll
0x00007ffa5d590000 - 0x00007ffa5d712000 	C:\WINDOWS\System32\gdi32full.dll
0x00007ffa56d80000 - 0x00007ffa56ff9000 	C:\WINDOWS\WinSxS\amd64_microsoft.windows.common-controls_6595b64144ccf1df_6.0.14393.447_none_42191651c6827bb3\COMCTL32.dll
0x00007ffa5e410000 - 0x00007ffa5e6d8000 	C:\WINDOWS\System32\combase.dll
0x00007ffa5da90000 - 0x00007ffa5db85000 	C:\WINDOWS\System32\ucrtbase.dll
0x00007ffa5e3a0000 - 0x00007ffa5e40a000 	C:\WINDOWS\System32\bcryptPrimitives.dll
0x00007ffa5e8b0000 - 0x00007ffa5e8de000 	C:\WINDOWS\System32\IMM32.DLL
0x00000000550c0000 - 0x0000000055192000 	G:\Android\Android Studio\jre\jre\bin\msvcr100.dll
0x0000000054240000 - 0x0000000054a74000 	G:\Android\Android Studio\jre\jre\bin\server\jvm.dll
0x00007ffa5e850000 - 0x00007ffa5e858000 	C:\WINDOWS\System32\PSAPI.DLL
0x00007ffa57000000 - 0x00007ffa57009000 	C:\WINDOWS\SYSTEM32\WSOCK32.dll
0x00007ffa5f120000 - 0x00007ffa5f18a000 	C:\WINDOWS\System32\WS2_32.dll
0x00007ffa5b4e0000 - 0x00007ffa5b503000 	C:\WINDOWS\SYSTEM32\WINMM.dll
0x00007ffa57960000 - 0x00007ffa5796a000 	C:\WINDOWS\SYSTEM32\VERSION.dll
0x00007ffa5b480000 - 0x00007ffa5b4ab000 	C:\WINDOWS\SYSTEM32\WINMMBASE.dll
0x00007ffa5d370000 - 0x00007ffa5d3b2000 	C:\WINDOWS\System32\cfgmgr32.dll
0x00007ffa5ab10000 - 0x00007ffa5ab1f000 	G:\Android\Android Studio\jre\jre\bin\verify.dll
0x00007ffa5a030000 - 0x00007ffa5a059000 	G:\Android\Android Studio\jre\jre\bin\java.dll
0x00007ffa59520000 - 0x00007ffa59536000 	G:\Android\Android Studio\jre\jre\bin\zip.dll
0x00007ffa5f410000 - 0x00007ffa60919000 	C:\WINDOWS\System32\SHELL32.dll
0x00007ffa5db90000 - 0x00007ffa5e26a000 	C:\WINDOWS\System32\windows.storage.dll
0x00007ffa5d320000 - 0x00007ffa5d36c000 	C:\WINDOWS\System32\powrprof.dll
0x00007ffa5f0c0000 - 0x00007ffa5f112000 	C:\WINDOWS\System32\shlwapi.dll
0x00007ffa5d310000 - 0x00007ffa5d31f000 	C:\WINDOWS\System32\kernel.appcore.dll
0x00007ffa5e2f0000 - 0x00007ffa5e399000 	C:\WINDOWS\System32\shcore.dll
0x00007ffa5d2e0000 - 0x00007ffa5d2f4000 	C:\WINDOWS\System32\profapi.dll
0x00007ffa59030000 - 0x00007ffa5904a000 	G:\Android\Android Studio\jre\jre\bin\net.dll
0x00007ffa5cb80000 - 0x00007ffa5cbdc000 	C:\WINDOWS\system32\mswsock.dll
0x00007ffa586e0000 - 0x00007ffa586f1000 	G:\Android\Android Studio\jre\jre\bin\nio.dll
0x00007ffa594c0000 - 0x00007ffa594d2000 	C:\Users\cheng\.gradle\native\19\windows-amd64\native-platform.dll
0x00007ffa5cd20000 - 0x00007ffa5cd37000 	C:\WINDOWS\SYSTEM32\CRYPTSP.dll
0x00007ffa5c7a0000 - 0x00007ffa5c7d3000 	C:\WINDOWS\system32\rsaenh.dll
0x00007ffa5d220000 - 0x00007ffa5d24b000 	C:\WINDOWS\SYSTEM32\bcrypt.dll
0x00007ffa5ca00000 - 0x00007ffa5ca1f000 	C:\WINDOWS\SYSTEM32\USERENV.dll
0x00007ffa5cd40000 - 0x00007ffa5cd4b000 	C:\WINDOWS\SYSTEM32\CRYPTBASE.dll
0x00007ffa5c910000 - 0x00007ffa5c948000 	C:\WINDOWS\SYSTEM32\IPHLPAPI.DLL
0x00007ffa5e8a0000 - 0x00007ffa5e8a8000 	C:\WINDOWS\System32\NSI.dll
0x00007ffa58df0000 - 0x00007ffa58e06000 	C:\WINDOWS\SYSTEM32\dhcpcsvc6.DLL
0x00007ffa58dd0000 - 0x00007ffa58dea000 	C:\WINDOWS\SYSTEM32\dhcpcsvc.DLL
0x00007ffa5a470000 - 0x00007ffa5a47d000 	G:\Android\Android Studio\jre\jre\bin\management.dll
0x00007ffa583b0000 - 0x00007ffa583d4000 	G:\Android\Android Studio\jre\jre\bin\sunec.dll
0x00007ffa5c950000 - 0x00007ffa5c9f0000 	C:\WINDOWS\SYSTEM32\DNSAPI.dll
0x00007ffa530f0000 - 0x00007ffa530fa000 	C:\Windows\System32\rasadhlp.dll
0x00007ffa592a0000 - 0x00007ffa5930a000 	C:\WINDOWS\System32\fwpuclnt.dll
0x00007ffa360e0000 - 0x00007ffa36273000 	G:\Android\Android Studio\jre\jre\bin\awt.dll
0x00007ffa5f1f0000 - 0x00007ffa5f2af000 	C:\WINDOWS\System32\OLEAUT32.dll
0x00007ffa5d720000 - 0x00007ffa5d7bc000 	C:\WINDOWS\System32\msvcp_win.dll
0x00007ffa5b7d0000 - 0x00007ffa5b84a000 	C:\WINDOWS\SYSTEM32\apphelp.dll
0x00007ffa5ae00000 - 0x00007ffa5ae26000 	C:\WINDOWS\system32\DWMAPI.DLL
0x00007ffa5ba70000 - 0x00007ffa5bb05000 	C:\WINDOWS\system32\uxtheme.dll

VM Arguments:
jvm_args: -Xmx1536m -Dfile.encoding=GBK -Duser.country=CN -Duser.language=zh -Duser.variant 
java_command: org.gradle.launcher.daemon.bootstrap.GradleDaemon 2.14.1
java_class_path (initial): G:\Android\Android Studio\gradle\gradle-2.14.1\lib\gradle-launcher-2.14.1.jar
Launcher Type: SUN_STANDARD

Environment Variables:
JAVA_HOME=E:\Java\jdk1.8.0_25
CLASSPATH=E:\Java\jdk1.8.0_25\lib\dt.jar;E:\Java\jdk1.8.0_25\lib\tools.jar;
PATH=F:\adt-bundle-windows-x86_64-20140702\sdk\tools;F:\adt-bundle-windows-x86_64-20140702\sdk\platform-tools;G:\mysql\mysql-5.7.18-winx64\bin;E:\Java\jdk1.8.0_25\bin;C:\WINDOWS\system32;C:\WINDOWS;C:\WINDOWS\system32\wbem;C:\WINDOWS\System32\Wbem;C:\WINDOWS\System32\WindowsPowerShell\v1.0\;G:\SQLSERVER2012\110\Tools\Binn\;G:\SQLSERVER2012\110\DTS\Binn\;G:\SQLSERVER2012\110\Tools\Binn\ManagementStudio\;G:\Git\cmd;G:\nodejs\;C:\Users\cheng\AppData\Local\Programs\Python\Python35\Scripts\;C:\Users\cheng\AppData\Local\Programs\Python\Python35\;C:\Users\cheng\AppData\Local\Microsoft\WindowsApps;C:\Users\cheng\AppData\Roaming\npm
USERNAME=cheng
OS=Windows_NT
PROCESSOR_IDENTIFIER=Intel64 Family 6 Model 69 Stepping 1, GenuineIntel



---------------  S Y S T E M  ---------------

OS: Windows 10.0 , 64 bit Build 14393 (10.0.14393.0)

CPU:total 4 (2 cores per cpu, 2 threads per core) family 6 model 69 stepping 1, cmov, cx8, fxsr, mmx, sse, sse2, sse3, ssse3, sse4.1, sse4.2, popcnt, avx, avx2, aes, clmul, erms, lzcnt, ht, tsc, tscinvbit, bmi1, bmi2

Memory: 4k page, physical 8290196k(1743520k free), swap 10957984k(3084k free)

vm_info: OpenJDK 64-Bit Server VM (25.76-b03) for windows-amd64 JRE (1.8.0_76-release-b03), built on Jun 29 2016 19:09:20 by "ralucas" with MS VC++ 10.0 (VS2010)

time: Fri Jun 02 19:48:07 2017
elapsed time: 3676 seconds (0d 1h 1m 16s)

