#
# There is insufficient memory for the Java Runtime Environment to continue.
# Native memory allocation (malloc) failed to allocate 300336 bytes for Chunk::new
# Possible reasons:
#   The system is out of physical RAM or swap space
#   In 32 bit mode, the process size limit was hit
# Possible solutions:
#   Reduce memory load on the system
#   Increase physical memory or swap space
#   Check if swap backing store is full
#   Use 64 bit Java on a 64 bit OS
#   Decrease Java heap size (-Xmx/-Xms)
#   Decrease number of Java threads
#   Decrease Java thread stack sizes (-Xss)
#   Set larger code cache with -XX:ReservedCodeCacheSize=
# This output file may be truncated or incomplete.
#
#  Out of Memory Error (allocation.cpp:390), pid=14368, tid=0x00000000000035d0
#
# JRE version: OpenJDK Runtime Environment (8.0_76-b03) (build 1.8.0_76-release-b03)
# Java VM: OpenJDK 64-Bit Server VM (25.76-b03 mixed mode windows-amd64 compressed oops)
# Failed to write core dump. Minidumps are not enabled by default on client versions of Windows
#

---------------  T H R E A D  ---------------

Current thread (0x000000001545a000):  JavaThread "C2 CompilerThread1" daemon [_thread_in_native, id=13776, stack(0x0000000016a50000,0x0000000016b50000)]

Stack: [0x0000000016a50000,0x0000000016b50000]
[error occurred during error reporting (printing stack bounds), id 0xc0000005]

Native frames: (J=compiled Java code, j=interpreted, Vv=VM code, C=native code)


Current CompileTask:
C2:   3033 1334       4       com.android.dx.ssa.SCCP::simulateStmt (481 bytes)


---------------  P R O C E S S  ---------------

Java Threads: ( => current thread )
  0x0000000016dff000 JavaThread "pool-2-thread-4" [_thread_blocked, id=10732, stack(0x0000000017e50000,0x0000000017f50000)]
  0x0000000016dfe800 JavaThread "pool-2-thread-3" [_thread_blocked, id=14216, stack(0x0000000017d50000,0x0000000017e50000)]
  0x0000000016dfe000 JavaThread "pool-2-thread-2" [_thread_blocked, id=1484, stack(0x0000000017c50000,0x0000000017d50000)]
  0x0000000016e8e000 JavaThread "pool-3-thread-1" [_thread_blocked, id=10660, stack(0x0000000017b50000,0x0000000017c50000)]
  0x0000000016eac000 JavaThread "pool-2-thread-1" [_thread_blocked, id=11468, stack(0x0000000017a50000,0x0000000017b50000)]
  0x0000000016ba8800 JavaThread "Service Thread" daemon [_thread_blocked, id=6488, stack(0x0000000017050000,0x0000000017150000)]
  0x0000000016ba5800 JavaThread "C1 CompilerThread2" daemon [_thread_blocked, id=12476, stack(0x0000000016f50000,0x0000000017050000)]
=>0x000000001545a000 JavaThread "C2 CompilerThread1" daemon [_thread_in_native, id=13776, stack(0x0000000016a50000,0x0000000016b50000)]
  0x000000001540b000 JavaThread "C2 CompilerThread0" daemon [_thread_in_native, id=10016, stack(0x0000000016950000,0x0000000016a50000)]
  0x0000000015409800 JavaThread "Attach Listener" daemon [_thread_blocked, id=16656, stack(0x0000000016850000,0x0000000016950000)]
  0x0000000015457800 JavaThread "Signal Dispatcher" daemon [_thread_blocked, id=8860, stack(0x0000000016750000,0x0000000016850000)]
  0x00000000153e8000 JavaThread "Finalizer" daemon [_thread_blocked, id=6380, stack(0x0000000016650000,0x0000000016750000)]
  0x0000000002d1f000 JavaThread "Reference Handler" daemon [_thread_blocked, id=11272, stack(0x0000000016550000,0x0000000016650000)]
  0x0000000002c30800 JavaThread "main" [_thread_blocked, id=12964, stack(0x0000000002b30000,0x0000000002c30000)]

Other Threads:
  0x00000000153c5800 VMThread [stack: 0x0000000016450000,0x0000000016550000] [id=17692]
  0x0000000016bad000 WatcherThread [stack: 0x0000000017150000,0x0000000017250000] [id=12252]

VM state:not at safepoint (normal execution)

VM Mutex/Monitor currently owned by a thread: None

Heap:
 PSYoungGen      total 38400K, used 13971K [0x00000000eab00000, 0x00000000ef600000, 0x0000000100000000)
  eden space 33280K, 26% used [0x00000000eab00000,0x00000000eb3ac730,0x00000000ecb80000)
  from space 5120K, 99% used [0x00000000ecb80000,0x00000000ed078500,0x00000000ed080000)
  to   space 5120K, 0% used [0x00000000ef100000,0x00000000ef100000,0x00000000ef600000)
 ParOldGen       total 87552K, used 305K [0x00000000c0000000, 0x00000000c5580000, 0x00000000eab00000)
  object space 87552K, 0% used [0x00000000c0000000,0x00000000c004c650,0x00000000c5580000)
 Metaspace       used 5968K, capacity 7024K, committed 7296K, reserved 1056768K
  class space    used 569K, capacity 616K, committed 640K, reserved 1048576K

Card table byte_map: [0x00000000120f0000,0x0000000012300000] byte_map_base: 0x0000000011af0000

Marking Bits: (ParMarkBitMap*) 0x00000000549f9d00
 Begin Bits: [0x0000000012860000, 0x0000000013860000)
 End Bits:   [0x0000000013860000, 0x0000000014860000)

Polling page: 0x00000000026b0000

CodeCache: size=245760Kb used=5416Kb max_used=5416Kb free=240343Kb
 bounds [0x0000000002d30000, 0x0000000003280000, 0x0000000011d30000]
 total_blobs=1610 nmethods=1346 adapters=178
 compilation: enabled

Compilation events (10 events):
Event: 2.897 Thread 0x0000000016ba5800 1346       3       com.android.dx.cf.direct.StdAttributeFactory::lineNumberTable (204 bytes)
Event: 2.900 Thread 0x0000000016ba5800 nmethod 1346 0x0000000003277310 code [0x00000000032777c0, 0x000000000327a4b8]
Event: 2.900 Thread 0x0000000016ba5800 1347       3       com.android.dx.cf.direct.StdAttributeFactory::localVariableTable (98 bytes)
Event: 2.902 Thread 0x0000000016ba5800 nmethod 1347 0x000000000327ca10 code [0x000000000327ccc0, 0x000000000327de18]
Event: 2.902 Thread 0x0000000016ba5800 1348       3       com.android.dx.util.ByteArray::makeDataInputStream (12 bytes)
Event: 2.902 Thread 0x0000000016ba5800 nmethod 1348 0x000000000327e9d0 code [0x000000000327eb80, 0x000000000327f370]
Event: 2.902 Thread 0x0000000016ba5800 1349       3       com.android.dx.util.ByteArray::makeInputStream (9 bytes)
Event: 2.903 Thread 0x0000000016ba5800 nmethod 1349 0x000000000327f790 code [0x000000000327f900, 0x000000000327fbd0]
Event: 2.903 Thread 0x0000000016ba5800 1350       3       com.android.dx.util.ByteArray$MyInputStream::<init> (20 bytes)
Event: 2.903 Thread 0x0000000016ba5800 nmethod 1350 0x000000000325ffd0 code [0x0000000003260140, 0x0000000003260370]

GC Heap History (2 events):
Event: 2.583 GC heap before
{Heap before GC invocations=1 (full 0):
 PSYoungGen      total 38400K, used 33280K [0x00000000eab00000, 0x00000000ed580000, 0x0000000100000000)
  eden space 33280K, 100% used [0x00000000eab00000,0x00000000ecb80000,0x00000000ecb80000)
  from space 5120K, 0% used [0x00000000ed080000,0x00000000ed080000,0x00000000ed580000)
  to   space 5120K, 0% used [0x00000000ecb80000,0x00000000ecb80000,0x00000000ed080000)
 ParOldGen       total 87552K, used 0K [0x00000000c0000000, 0x00000000c5580000, 0x00000000eab00000)
  object space 87552K, 0% used [0x00000000c0000000,0x00000000c0000000,0x00000000c5580000)
 Metaspace       used 5870K, capacity 6960K, committed 7040K, reserved 1056768K
  class space    used 564K, capacity 616K, committed 640K, reserved 1048576K
Event: 2.680 GC heap after
Heap after GC invocations=1 (full 0):
 PSYoungGen      total 38400K, used 5089K [0x00000000eab00000, 0x00000000ef600000, 0x0000000100000000)
  eden space 33280K, 0% used [0x00000000eab00000,0x00000000eab00000,0x00000000ecb80000)
  from space 5120K, 99% used [0x00000000ecb80000,0x00000000ed078500,0x00000000ed080000)
  to   space 5120K, 0% used [0x00000000ef100000,0x00000000ef100000,0x00000000ef600000)
 ParOldGen       total 87552K, used 305K [0x00000000c0000000, 0x00000000c5580000, 0x00000000eab00000)
  object space 87552K, 0% used [0x00000000c0000000,0x00000000c004c650,0x00000000c5580000)
 Metaspace       used 5870K, capacity 6960K, committed 7040K, reserved 1056768K
  class space    used 564K, capacity 616K, committed 640K, reserved 1048576K
}

Deoptimization events (10 events):
Event: 2.232 Thread 0x0000000016eac000 Uncommon trap: reason=unstable_if action=reinterpret pc=0x0000000002f55670 method=java.util.BitSet.nextSetBit(I)I @ 87
Event: 2.731 Thread 0x0000000016eac000 Uncommon trap: reason=class_check action=maybe_recompile pc=0x0000000003049610 method=com.android.dx.rop.type.Type.equals(Ljava/lang/Object;)Z @ 8
Event: 2.731 Thread 0x0000000016eac000 Uncommon trap: reason=class_check action=maybe_recompile pc=0x0000000003049610 method=com.android.dx.rop.type.Type.equals(Ljava/lang/Object;)Z @ 8
Event: 2.731 Thread 0x0000000016eac000 Uncommon trap: reason=class_check action=maybe_recompile pc=0x0000000003049610 method=com.android.dx.rop.type.Type.equals(Ljava/lang/Object;)Z @ 8
Event: 2.731 Thread 0x0000000016eac000 Uncommon trap: reason=class_check action=maybe_recompile pc=0x0000000003049610 method=com.android.dx.rop.type.Type.equals(Ljava/lang/Object;)Z @ 8
Event: 2.733 Thread 0x0000000016eac000 Uncommon trap: reason=class_check action=maybe_recompile pc=0x0000000003010728 method=com.android.dx.rop.type.Type.equals(Ljava/lang/Object;)Z @ 8
Event: 2.733 Thread 0x0000000016eac000 Uncommon trap: reason=class_check action=maybe_recompile pc=0x00000000030131e8 method=com.android.dx.rop.type.Type.equals(Ljava/lang/Object;)Z @ 8
Event: 2.735 Thread 0x0000000016dff000 Uncommon trap: reason=class_check action=maybe_recompile pc=0x0000000002fb902c method=com.android.dx.rop.type.Type.equals(Ljava/lang/Object;)Z @ 8
Event: 2.753 Thread 0x0000000016dff000 Uncommon trap: reason=unstable_if action=reinterpret pc=0x000000000308d0dc method=com.android.dx.rop.cst.Constant.compareTo(Lcom/android/dx/rop/cst/Constant;)I @ 12
Event: 2.828 Thread 0x0000000016dfe800 Uncommon trap: reason=unstable_if action=reinterpret pc=0x00000000031ec2dc method=com.android.dx.ssa.SsaMethod.updateOneDefinition(Lcom/android/dx/ssa/SsaInsn;Lcom/android/dx/rop/code/RegisterSpec;)V @ 4

Internal exceptions (2 events):
Event: 0.152 Thread 0x0000000002c30800 Exception <a 'java/lang/NoSuchMethodError': Method sun.misc.Unsafe.defineClass(Ljava/lang/String;[BII)Ljava/lang/Class; name or signature does not match> (0x00000000eab07cc0) thrown at [C:\src\android\AOSP-openjdk\external\jetbrains\jdk\hotspot\src\share\vX~r-≤k√?
Event: 0.152 Thread 0x0000000002c30800 Exception <a 'java/lang/NoSuchMethodError': Method sun.misc.Unsafe.prefetchRead(Ljava/lang/Object;J)V name or signature does not match> (0x00000000eab07fa8) thrown at [C:\src\android\AOSP-openjdk\external\jetbrains\jdk\hotspot\src\share\vm\prims\jni.cpp, l

Events (10 events):
Event: 2.827 loading class com/android/dx/rop/code/RegOps done
Event: 2.828 Thread 0x0000000016dfe800 Uncommon trap: trap_request=0xffffff65 fr.pc=0x00000000031ec2dc
Event: 2.828 Thread 0x0000000016dfe800 DEOPT PACKING pc=0x00000000031ec2dc sp=0x0000000017e4ea80
Event: 2.828 Thread 0x0000000016dfe800 DEOPT UNPACKING pc=0x0000000002d7556a sp=0x0000000017e4ea28 mode 2
Event: 2.845 loading class java/util/TreeMap$EntrySet
Event: 2.845 loading class java/util/TreeMap$EntrySet done
Event: 2.845 loading class java/util/TreeMap$EntryIterator
Event: 2.846 loading class java/util/TreeMap$EntryIterator done
Event: 2.846 Executing VM operation: Deoptimize
Event: 2.847 Executing VM operation: Deoptimize done


Dynamic libraries:
0x00007ff7891a0000 - 0x00007ff7891d1000 	G:\Android\Android Studio\jre\bin\java.exe
0x00007ffa60e80000 - 0x00007ffa61051000 	C:\WINDOWS\SYSTEM32\ntdll.dll
0x00007ffa60b80000 - 0x00007ffa60c2b000 	C:\WINDOWS\System32\KERNEL32.DLL
0x00007ffa5d7c0000 - 0x00007ffa5d9dd000 	C:\WINDOWS\System32\KERNELBASE.dll
0x00007ffa5ea80000 - 0x00007ffa5eb22000 	C:\WINDOWS\System32\ADVAPI32.dll
0x00007ffa60980000 - 0x00007ffa60a1e000 	C:\WINDOWS\System32\msvcrt.dll
0x00007ffa5f190000 - 0x00007ffa5f1e9000 	C:\WINDOWS\System32\sechost.dll
0x00007ffa5ef60000 - 0x00007ffa5f081000 	C:\WINDOWS\System32\RPCRT4.dll
0x00007ffa5e6e0000 - 0x00007ffa5e845000 	C:\WINDOWS\System32\USER32.dll
0x00007ffa5e2d0000 - 0x00007ffa5e2ee000 	C:\WINDOWS\System32\win32u.dll
0x00007ffa5e860000 - 0x00007ffa5e894000 	C:\WINDOWS\System32\GDI32.dll
0x00007ffa5d590000 - 0x00007ffa5d712000 	C:\WINDOWS\System32\gdi32full.dll
0x00007ffa56d80000 - 0x00007ffa56ff9000 	C:\WINDOWS\WinSxS\amd64_microsoft.windows.common-controls_6595b64144ccf1df_6.0.14393.447_none_42191651c6827bb3\COMCTL32.dll
0x00007ffa5e410000 - 0x00007ffa5e6d8000 	C:\WINDOWS\System32\combase.dll
0x00007ffa5da90000 - 0x00007ffa5db85000 	C:\WINDOWS\System32\ucrtbase.dll
0x00007ffa5e3a0000 - 0x00007ffa5e40a000 	C:\WINDOWS\System32\bcryptPrimitives.dll
0x00007ffa5e8b0000 - 0x00007ffa5e8de000 	C:\WINDOWS\System32\IMM32.DLL
0x00000000550c0000 - 0x0000000055192000 	G:\Android\Android Studio\jre\jre\bin\msvcr100.dll
0x0000000054240000 - 0x0000000054a74000 	G:\Android\Android Studio\jre\jre\bin\server\jvm.dll
0x00007ffa5e850000 - 0x00007ffa5e858000 	C:\WINDOWS\System32\PSAPI.DLL
0x00007ffa57000000 - 0x00007ffa57009000 	C:\WINDOWS\SYSTEM32\WSOCK32.dll
0x00007ffa5f120000 - 0x00007ffa5f18a000 	C:\WINDOWS\System32\WS2_32.dll
0x00007ffa5b4e0000 - 0x00007ffa5b503000 	C:\WINDOWS\SYSTEM32\WINMM.dll
0x00007ffa57960000 - 0x00007ffa5796a000 	C:\WINDOWS\SYSTEM32\VERSION.dll
0x00007ffa5b480000 - 0x00007ffa5b4ab000 	C:\WINDOWS\SYSTEM32\WINMMBASE.dll
0x00007ffa5d370000 - 0x00007ffa5d3b2000 	C:\WINDOWS\System32\cfgmgr32.dll
0x00007ffa5ab10000 - 0x00007ffa5ab1f000 	G:\Android\Android Studio\jre\jre\bin\verify.dll
0x00007ffa5a030000 - 0x00007ffa5a059000 	G:\Android\Android Studio\jre\jre\bin\java.dll
0x00007ffa59520000 - 0x00007ffa59536000 	G:\Android\Android Studio\jre\jre\bin\zip.dll
0x00007ffa5f410000 - 0x00007ffa60919000 	C:\WINDOWS\System32\SHELL32.dll
0x00007ffa5db90000 - 0x00007ffa5e26a000 	C:\WINDOWS\System32\windows.storage.dll
0x00007ffa5d320000 - 0x00007ffa5d36c000 	C:\WINDOWS\System32\powrprof.dll
0x00007ffa5f0c0000 - 0x00007ffa5f112000 	C:\WINDOWS\System32\shlwapi.dll
0x00007ffa5d310000 - 0x00007ffa5d31f000 	C:\WINDOWS\System32\kernel.appcore.dll
0x00007ffa5e2f0000 - 0x00007ffa5e399000 	C:\WINDOWS\System32\shcore.dll
0x00007ffa5d2e0000 - 0x00007ffa5d2f4000 	C:\WINDOWS\System32\profapi.dll

VM Arguments:
jvm_args: -Djava.awt.headless=true -Xmx1024M -Dfile.encoding=GBK -Duser.country=CN -Duser.language=zh -Duser.variant 
java_command: com.android.dx.command.Main --dex --force-jumbo --num-threads=4 --multi-dex --output F:\Androidcode\knowdev\app\build\intermediates\transforms\dex\debug\folders\1000\10\com.android.support-support-compat-25.2.0_7924af3e9d09c7014cac792cf669b1601025ca3d F:\Androidcode\knowdev\app\build\intermediates\exploded-aar\com.android.support\support-compat\25.2.0\jars\classes.jar
java_class_path (initial): G:\Android\sdk\build-tools\24.0.3\lib\dx.jar
Launcher Type: SUN_STANDARD

Environment Variables:
JAVA_HOME=E:\Java\jdk1.8.0_25
CLASSPATH=E:\Java\jdk1.8.0_25\lib\dt.jar;E:\Java\jdk1.8.0_25\lib\tools.jar;
PATH=F:\adt-bundle-windows-x86_64-20140702\sdk\tools;F:\adt-bundle-windows-x86_64-20140702\sdk\platform-tools;G:\mysql\mysql-5.7.18-winx64\bin;E:\Java\jdk1.8.0_25\bin;C:\WINDOWS\system32;C:\WINDOWS;C:\WINDOWS\system32\wbem;C:\WINDOWS\System32\Wbem;C:\WINDOWS\System32\WindowsPowerShell\v1.0\;G:\SQLSERVER2012\110\Tools\Binn\;G:\SQLSERVER2012\110\DTS\Binn\;G:\SQLSERVER2012\110\Tools\Binn\ManagementStudio\;G:\Git\cmd;G:\nodejs\;C:\Users\cheng\AppData\Local\Programs\Python\Python35\Scripts\;C:\Users\cheng\AppData\Local\Programs\Python\Python35\;C:\Users\cheng\AppData\Local\Microsoft\WindowsApps;C:\Users\cheng\AppData\Roaming\npm
USERNAME=cheng
OS=Windows_NT
PROCESSOR_IDENTIFIER=Intel64 Family 6 Model 69 Stepping 1, GenuineIntel



---------------  S Y S T E M  ---------------

OS: Windows 10.0 , 64 bit Build 14393 (10.0.14393.0)

CPU:total 4 (2 cores per cpu, 2 threads per core) family 6 model 69 stepping 1, cmov, cx8, fxsr, mmx, sse, sse2, sse3, ssse3, sse4.1, sse4.2, popcnt, avx, avx2, aes, clmul, erms, lzcnt, ht, tsc, tscinvbit, bmi1, bmi2

Memory: 4k page, physical 8290196k(2249092k free), swap 10957984k(5148k free)

vm_info: OpenJDK 64-Bit Server VM (25.76-b03) for windows-amd64 JRE (1.8.0_76-release-b03), built on Jun 29 2016 19:09:20 by "ralucas" with MS VC++ 10.0 (VS2010)

time: Fri Jun 02 20:10:37 2017
elapsed time: 3 seconds (0d 0h 0m 3s)

