#
# There is insufficient memory for the Java Runtime Environment to continue.
# Native memory allocation (malloc) failed to allocate 82416 bytes for Chunk::new
# Possible reasons:
#   The system is out of physical RAM or swap space
#   In 32 bit mode, the process size limit was hit
# Possible solutions:
#   Reduce memory load on the system
#   Increase physical memory or swap space
#   Check if swap backing store is full
#   Use 64 bit Java on a 64 bit OS
#   Decrease Java heap size (-Xmx/-Xms)
#   Decrease number of Java threads
#   Decrease Java thread stack sizes (-Xss)
#   Set larger code cache with -XX:ReservedCodeCacheSize=
# This output file may be truncated or incomplete.
#
#  Out of Memory Error (allocation.cpp:390), pid=11384, tid=0x0000000000004b34
#
# JRE version: OpenJDK Runtime Environment (8.0_76-b03) (build 1.8.0_76-release-b03)
# Java VM: OpenJDK 64-Bit Server VM (25.76-b03 mixed mode windows-amd64 compressed oops)
# Failed to write core dump. Minidumps are not enabled by default on client versions of Windows
#

---------------  T H R E A D  ---------------

Current thread (0x0000000014ecb000):  JavaThread "C2 CompilerThread0" daemon [_thread_in_native, id=19252, stack(0x0000000016430000,0x0000000016530000)]

Stack: [0x0000000016430000,0x0000000016530000]
[error occurred during error reporting (printing stack bounds), id 0xc0000005]

Native frames: (J=compiled Java code, j=interpreted, Vv=VM code, C=native code)


Current CompileTask:
C2:   3381 1062       4       com.android.dx.ssa.SCCP::simulateStmt (481 bytes)


---------------  P R O C E S S  ---------------

Java Threads: ( => current thread )
  0x000000001679a800 JavaThread "pool-2-thread-4" [_thread_in_Java, id=10388, stack(0x0000000017130000,0x0000000017230000)]
  0x0000000016799800 JavaThread "pool-2-thread-3" [_thread_in_Java, id=1072, stack(0x0000000017030000,0x0000000017130000)]
  0x0000000016799000 JavaThread "pool-2-thread-2" [_thread_in_Java, id=4516, stack(0x0000000016f30000,0x0000000017030000)]
  0x0000000016719000 JavaThread "pool-3-thread-1" [_thread_blocked, id=8664, stack(0x0000000016e30000,0x0000000016f30000)]
  0x0000000016718800 JavaThread "pool-2-thread-1" [_thread_blocked, id=1216, stack(0x0000000016d30000,0x0000000016e30000)]
  0x000000001658e800 JavaThread "Service Thread" daemon [_thread_blocked, id=16620, stack(0x0000000016b30000,0x0000000016c30000)]
  0x0000000016587800 JavaThread "C1 CompilerThread2" daemon [_thread_in_native, id=13484, stack(0x0000000016a30000,0x0000000016b30000)]
  0x0000000014f1e800 JavaThread "C2 CompilerThread1" daemon [_thread_in_native, id=18412, stack(0x0000000016930000,0x0000000016a30000)]
=>0x0000000014ecb000 JavaThread "C2 CompilerThread0" daemon [_thread_in_native, id=19252, stack(0x0000000016430000,0x0000000016530000)]
  0x0000000014ec9800 JavaThread "Attach Listener" daemon [_thread_blocked, id=15180, stack(0x0000000016330000,0x0000000016430000)]
  0x0000000014f17800 JavaThread "Signal Dispatcher" daemon [_thread_blocked, id=1616, stack(0x0000000016230000,0x0000000016330000)]
  0x0000000014ea8000 JavaThread "Finalizer" daemon [_thread_blocked, id=7728, stack(0x0000000016130000,0x0000000016230000)]
  0x00000000027df000 JavaThread "Reference Handler" daemon [_thread_blocked, id=19048, stack(0x0000000016030000,0x0000000016130000)]
  0x00000000026f0800 JavaThread "main" [_thread_in_vm, id=16780, stack(0x0000000002220000,0x0000000002320000)]

Other Threads:
  0x0000000014e85800 VMThread [stack: 0x0000000015f30000,0x0000000016030000] [id=7604]
  0x0000000016590000 WatcherThread [stack: 0x0000000016c30000,0x0000000016d30000] [id=10172]

VM state:not at safepoint (normal execution)

VM Mutex/Monitor currently owned by a thread: None

Heap:
 PSYoungGen      total 38400K, used 27550K [0x00000000eab00000, 0x00000000ed580000, 0x0000000100000000)
  eden space 33280K, 82% used [0x00000000eab00000,0x00000000ec5e7a00,0x00000000ecb80000)
  from space 5120K, 0% used [0x00000000ed080000,0x00000000ed080000,0x00000000ed580000)
  to   space 5120K, 0% used [0x00000000ecb80000,0x00000000ecb80000,0x00000000ed080000)
 ParOldGen       total 87552K, used 0K [0x00000000c0000000, 0x00000000c5580000, 0x00000000eab00000)
  object space 87552K, 0% used [0x00000000c0000000,0x00000000c0000000,0x00000000c5580000)
 Metaspace       used 5804K, capacity 6896K, committed 7040K, reserved 1056768K
  class space    used 567K, capacity 616K, committed 640K, reserved 1048576K

Card table byte_map: [0x0000000011bb0000,0x0000000011dc0000] byte_map_base: 0x00000000115b0000

Marking Bits: (ParMarkBitMap*) 0x00000000549f9d00
 Begin Bits: [0x0000000012320000, 0x0000000013320000)
 End Bits:   [0x0000000013320000, 0x0000000014320000)

Polling page: 0x00000000003f0000

CodeCache: size=245760Kb used=4649Kb max_used=4649Kb free=241111Kb
 bounds [0x00000000027f0000, 0x0000000002c90000, 0x00000000117f0000]
 total_blobs=1430 nmethods=1166 adapters=178
 compilation: enabled

Compilation events (10 events):
Event: 3.373 Thread 0x0000000016587800 nmethod 1153 0x0000000002c66f90 code [0x0000000002c670e0, 0x0000000002c67250]
Event: 3.373 Thread 0x0000000016587800 1154       3       com.android.dx.cf.direct.AttributeListParser::getEndOffset (9 bytes)
Event: 3.373 Thread 0x0000000016587800 nmethod 1154 0x0000000002c6ed90 code [0x0000000002c6ef00, 0x0000000002c6f148]
Event: 3.373 Thread 0x0000000016587800 1155       3       com.android.dx.cf.direct.AttributeListParser::getList (9 bytes)
Event: 3.374 Thread 0x0000000016587800 nmethod 1155 0x0000000002c6f210 code [0x0000000002c6f380, 0x0000000002c6f5c8]
Event: 3.375 Thread 0x0000000016587800 1156       3       com.android.dx.cf.direct.DirectClassFile::getAccessFlags (9 bytes)
Event: 3.375 Thread 0x0000000016587800 nmethod 1156 0x0000000002c6f690 code [0x0000000002c6f800, 0x0000000002c6fa48]
Event: 3.376 Thread 0x0000000016587800 1157       3       com.android.dx.rop.cst.CstBaseMethodRef::<init> (31 bytes)
Event: 3.376 Thread 0x0000000016587800 nmethod 1157 0x0000000002c6fb10 code [0x0000000002c6fc80, 0x0000000002c70038]
Event: 3.376 Thread 0x0000000016587800 1159       3       com.android.dx.cf.code.Ropper::addExceptionSetupBlocks (203 bytes)

GC Heap History (0 events):
No events

Deoptimization events (10 events):
Event: 2.451 Thread 0x0000000016799800 Uncommon trap: reason=class_check action=maybe_recompile pc=0x0000000002a362b0 method=com.android.dx.ssa.NormalSsaInsn.accept(Lcom/android/dx/ssa/SsaInsn$Visitor;)V @ 9
Event: 2.451 Thread 0x0000000016799800 Uncommon trap: reason=class_check action=maybe_recompile pc=0x0000000002a362b0 method=com.android.dx.ssa.NormalSsaInsn.accept(Lcom/android/dx/ssa/SsaInsn$Visitor;)V @ 9
Event: 2.451 Thread 0x0000000016799800 Uncommon trap: reason=class_check action=maybe_recompile pc=0x0000000002a362b0 method=com.android.dx.ssa.NormalSsaInsn.accept(Lcom/android/dx/ssa/SsaInsn$Visitor;)V @ 9
Event: 2.451 Thread 0x0000000016799800 Uncommon trap: reason=class_check action=maybe_recompile pc=0x0000000002a362b0 method=com.android.dx.ssa.NormalSsaInsn.accept(Lcom/android/dx/ssa/SsaInsn$Visitor;)V @ 9
Event: 3.044 Thread 0x000000001679a800 Uncommon trap: reason=unstable_if action=reinterpret pc=0x0000000002aed4dc method=com.android.dx.rop.cst.Constant.compareTo(Lcom/android/dx/rop/cst/Constant;)I @ 12
Event: 3.044 Thread 0x000000001679a800 Uncommon trap: reason=bimorphic action=maybe_recompile pc=0x0000000002a62268 method=java.util.HashMap.getNode(ILjava/lang/Object;)Ljava/util/HashMap$Node; @ 126
Event: 3.044 Thread 0x000000001679a800 Uncommon trap: reason=bimorphic action=maybe_recompile pc=0x0000000002a62268 method=java.util.HashMap.getNode(ILjava/lang/Object;)Ljava/util/HashMap$Node; @ 126
Event: 3.161 Thread 0x0000000016799800 Uncommon trap: reason=unstable_if action=reinterpret pc=0x0000000002adeaec method=com.android.dx.rop.code.RegisterSpecSet.put(Lcom/android/dx/rop/code/RegisterSpec;)V @ 77
Event: 3.161 Thread 0x0000000016799800 Uncommon trap: reason=unstable_if action=reinterpret pc=0x0000000002b60e28 method=com.android.dx.rop.code.RegisterSpecSet.put(Lcom/android/dx/rop/code/RegisterSpec;)V @ 77
Event: 3.286 Thread 0x0000000016799000 Uncommon trap: reason=unstable_if action=reinterpret pc=0x0000000002aec9c0 method=com.android.dx.ssa.SsaRenamer$BlockRenamer.addMapping(ILcom/android/dx/rop/code/RegisterSpec;)V @ 120

Internal exceptions (2 events):
Event: 0.113 Thread 0x00000000026f0800 Exception <a 'java/lang/NoSuchMethodError': Method sun.misc.Unsafe.defineClass(Ljava/lang/String;[BII)Ljava/lang/Class; name or signature does not match> (0x00000000eab07cc0) thrown at [C:\src\android\AOSP-openjdk\external\jetbrains\jdk\hotspot\src\share\v›óÔSSΩ?
Event: 0.113 Thread 0x00000000026f0800 Exception <a 'java/lang/NoSuchMethodError': Method sun.misc.Unsafe.prefetchRead(Ljava/lang/Object;J)V name or signature does not match> (0x00000000eab07fa8) thrown at [C:\src\android\AOSP-openjdk\external\jetbrains\jdk\hotspot\src\share\vm\prims\jni.cpp, l

Events (10 events):
Event: 3.135 loading class com/android/dx/dex/file/FieldAnnotationStruct done
Event: 3.160 Thread 0x0000000016799800 Uncommon trap: trap_request=0xffffff65 fr.pc=0x0000000002adeaec
Event: 3.161 Thread 0x0000000016799800 DEOPT PACKING pc=0x0000000002adeaec sp=0x000000001712ed20
Event: 3.161 Thread 0x0000000016799800 DEOPT UNPACKING pc=0x000000000283556a sp=0x000000001712eca8 mode 2
Event: 3.161 Thread 0x0000000016799800 Uncommon trap: trap_request=0xffffff65 fr.pc=0x0000000002b60e28
Event: 3.161 Thread 0x0000000016799800 DEOPT PACKING pc=0x0000000002b60e28 sp=0x000000001712ed10
Event: 3.161 Thread 0x0000000016799800 DEOPT UNPACKING pc=0x000000000283556a sp=0x000000001712ec30 mode 2
Event: 3.286 Thread 0x0000000016799000 Uncommon trap: trap_request=0xffffff65 fr.pc=0x0000000002aec9c0
Event: 3.286 Thread 0x0000000016799000 DEOPT PACKING pc=0x0000000002aec9c0 sp=0x000000001702eca0
Event: 3.286 Thread 0x0000000016799000 DEOPT UNPACKING pc=0x000000000283556a sp=0x000000001702ec30 mode 2


Dynamic libraries:
0x00007ff7891a0000 - 0x00007ff7891d1000 	G:\Android\Android Studio\jre\bin\java.exe
0x00007ffa60e80000 - 0x00007ffa61051000 	C:\WINDOWS\SYSTEM32\ntdll.dll
0x00007ffa60b80000 - 0x00007ffa60c2b000 	C:\WINDOWS\System32\KERNEL32.DLL
0x00007ffa5d7c0000 - 0x00007ffa5d9dd000 	C:\WINDOWS\System32\KERNELBASE.dll
0x00007ffa5ea80000 - 0x00007ffa5eb22000 	C:\WINDOWS\System32\ADVAPI32.dll
0x00007ffa60980000 - 0x00007ffa60a1e000 	C:\WINDOWS\System32\msvcrt.dll
0x00007ffa5f190000 - 0x00007ffa5f1e9000 	C:\WINDOWS\System32\sechost.dll
0x00007ffa5ef60000 - 0x00007ffa5f081000 	C:\WINDOWS\System32\RPCRT4.dll
0x00007ffa5e6e0000 - 0x00007ffa5e845000 	C:\WINDOWS\System32\USER32.dll
0x00007ffa5e2d0000 - 0x00007ffa5e2ee000 	C:\WINDOWS\System32\win32u.dll
0x00007ffa5e860000 - 0x00007ffa5e894000 	C:\WINDOWS\System32\GDI32.dll
0x00007ffa5d590000 - 0x00007ffa5d712000 	C:\WINDOWS\System32\gdi32full.dll
0x00007ffa56d80000 - 0x00007ffa56ff9000 	C:\WINDOWS\WinSxS\amd64_microsoft.windows.common-controls_6595b64144ccf1df_6.0.14393.447_none_42191651c6827bb3\COMCTL32.dll
0x00007ffa5e410000 - 0x00007ffa5e6d8000 	C:\WINDOWS\System32\combase.dll
0x00007ffa5da90000 - 0x00007ffa5db85000 	C:\WINDOWS\System32\ucrtbase.dll
0x00007ffa5e3a0000 - 0x00007ffa5e40a000 	C:\WINDOWS\System32\bcryptPrimitives.dll
0x00007ffa5e8b0000 - 0x00007ffa5e8de000 	C:\WINDOWS\System32\IMM32.DLL
0x00000000550c0000 - 0x0000000055192000 	G:\Android\Android Studio\jre\jre\bin\msvcr100.dll
0x0000000054240000 - 0x0000000054a74000 	G:\Android\Android Studio\jre\jre\bin\server\jvm.dll
0x00007ffa5e850000 - 0x00007ffa5e858000 	C:\WINDOWS\System32\PSAPI.DLL
0x00007ffa57000000 - 0x00007ffa57009000 	C:\WINDOWS\SYSTEM32\WSOCK32.dll
0x00007ffa5f120000 - 0x00007ffa5f18a000 	C:\WINDOWS\System32\WS2_32.dll
0x00007ffa5b4e0000 - 0x00007ffa5b503000 	C:\WINDOWS\SYSTEM32\WINMM.dll
0x00007ffa57960000 - 0x00007ffa5796a000 	C:\WINDOWS\SYSTEM32\VERSION.dll
0x00007ffa5b480000 - 0x00007ffa5b4ab000 	C:\WINDOWS\SYSTEM32\WINMMBASE.dll
0x00007ffa5d370000 - 0x00007ffa5d3b2000 	C:\WINDOWS\System32\cfgmgr32.dll
0x00007ffa5ab10000 - 0x00007ffa5ab1f000 	G:\Android\Android Studio\jre\jre\bin\verify.dll
0x00007ffa5a030000 - 0x00007ffa5a059000 	G:\Android\Android Studio\jre\jre\bin\java.dll
0x00007ffa59520000 - 0x00007ffa59536000 	G:\Android\Android Studio\jre\jre\bin\zip.dll
0x00007ffa5f410000 - 0x00007ffa60919000 	C:\WINDOWS\System32\SHELL32.dll
0x00007ffa5db90000 - 0x00007ffa5e26a000 	C:\WINDOWS\System32\windows.storage.dll
0x00007ffa5d320000 - 0x00007ffa5d36c000 	C:\WINDOWS\System32\powrprof.dll
0x00007ffa5f0c0000 - 0x00007ffa5f112000 	C:\WINDOWS\System32\shlwapi.dll
0x00007ffa5d310000 - 0x00007ffa5d31f000 	C:\WINDOWS\System32\kernel.appcore.dll
0x00007ffa5e2f0000 - 0x00007ffa5e399000 	C:\WINDOWS\System32\shcore.dll
0x00007ffa5d2e0000 - 0x00007ffa5d2f4000 	C:\WINDOWS\System32\profapi.dll

VM Arguments:
jvm_args: -Djava.awt.headless=true -Xmx1024M -Dfile.encoding=GBK -Duser.country=CN -Duser.language=zh -Duser.variant 
java_command: com.android.dx.command.Main --dex --force-jumbo --num-threads=4 --multi-dex --output F:\Androidcode\knowdev\app\build\intermediates\transforms\dex\debug\folders\1000\10\com.android.support-transition-25.2.0_322aafa12b69ab9fa32bd44f037c4c1aa71fc7b4 F:\Androidcode\knowdev\app\build\intermediates\exploded-aar\com.android.support\transition\25.2.0\jars\classes.jar
java_class_path (initial): G:\Android\sdk\build-tools\24.0.3\lib\dx.jar
Launcher Type: SUN_STANDARD

Environment Variables:
JAVA_HOME=E:\Java\jdk1.8.0_25
CLASSPATH=E:\Java\jdk1.8.0_25\lib\dt.jar;E:\Java\jdk1.8.0_25\lib\tools.jar;
PATH=F:\adt-bundle-windows-x86_64-20140702\sdk\tools;F:\adt-bundle-windows-x86_64-20140702\sdk\platform-tools;G:\mysql\mysql-5.7.18-winx64\bin;E:\Java\jdk1.8.0_25\bin;C:\WINDOWS\system32;C:\WINDOWS;C:\WINDOWS\system32\wbem;C:\WINDOWS\System32\Wbem;C:\WINDOWS\System32\WindowsPowerShell\v1.0\;G:\SQLSERVER2012\110\Tools\Binn\;G:\SQLSERVER2012\110\DTS\Binn\;G:\SQLSERVER2012\110\Tools\Binn\ManagementStudio\;G:\Git\cmd;G:\nodejs\;C:\Users\cheng\AppData\Local\Programs\Python\Python35\Scripts\;C:\Users\cheng\AppData\Local\Programs\Python\Python35\;C:\Users\cheng\AppData\Local\Microsoft\WindowsApps;C:\Users\cheng\AppData\Roaming\npm
USERNAME=cheng
OS=Windows_NT
PROCESSOR_IDENTIFIER=Intel64 Family 6 Model 69 Stepping 1, GenuineIntel



---------------  S Y S T E M  ---------------

OS: Windows 10.0 , 64 bit Build 14393 (10.0.14393.0)

CPU:total 4 (2 cores per cpu, 2 threads per core) family 6 model 69 stepping 1, cmov, cx8, fxsr, mmx, sse, sse2, sse3, ssse3, sse4.1, sse4.2, popcnt, avx, avx2, aes, clmul, erms, lzcnt, ht, tsc, tscinvbit, bmi1, bmi2

Memory: 4k page, physical 8290196k(2160100k free), swap 10957984k(3960k free)

vm_info: OpenJDK 64-Bit Server VM (25.76-b03) for windows-amd64 JRE (1.8.0_76-release-b03), built on Jun 29 2016 19:09:20 by "ralucas" with MS VC++ 10.0 (VS2010)

time: Fri Jun 02 20:10:34 2017
elapsed time: 3 seconds (0d 0h 0m 3s)

