#
# There is insufficient memory for the Java Runtime Environment to continue.
# Native memory allocation (malloc) failed to allocate 310736 bytes for Chunk::new
# Possible reasons:
#   The system is out of physical RAM or swap space
#   In 32 bit mode, the process size limit was hit
# Possible solutions:
#   Reduce memory load on the system
#   Increase physical memory or swap space
#   Check if swap backing store is full
#   Use 64 bit Java on a 64 bit OS
#   Decrease Java heap size (-Xmx/-Xms)
#   Decrease number of Java threads
#   Decrease Java thread stack sizes (-Xss)
#   Set larger code cache with -XX:ReservedCodeCacheSize=
# This output file may be truncated or incomplete.
#
#  Out of Memory Error (allocation.cpp:390), pid=4404, tid=0x00000000000027a0
#
# JRE version: OpenJDK Runtime Environment (8.0_76-b03) (build 1.8.0_76-release-b03)
# Java VM: OpenJDK 64-Bit Server VM (25.76-b03 mixed mode windows-amd64 compressed oops)
# Failed to write core dump. Minidumps are not enabled by default on client versions of Windows
#

---------------  T H R E A D  ---------------

Current thread (0x000000001520b000):  JavaThread "C2 CompilerThread0" daemon [_thread_in_native, id=10144, stack(0x0000000016750000,0x0000000016850000)]

Stack: [0x0000000016750000,0x0000000016850000]
[error occurred during error reporting (printing stack bounds), id 0xc0000005]

Native frames: (J=compiled Java code, j=interpreted, Vv=VM code, C=native code)


Current CompileTask:
C2:   3956 1523   !   4       com.android.dx.cf.code.BytecodeArray::parseInstruction (2764 bytes)


---------------  P R O C E S S  ---------------

Java Threads: ( => current thread )
  0x0000000016bd5800 JavaThread "pool-2-thread-4" [_thread_in_Java, id=16656, stack(0x0000000017450000,0x0000000017550000)]
  0x0000000016bd4000 JavaThread "pool-2-thread-3" [_thread_blocked, id=8860, stack(0x0000000017350000,0x0000000017450000)]
  0x0000000016bcb000 JavaThread "pool-2-thread-2" [_thread_blocked, id=8264, stack(0x0000000017250000,0x0000000017350000)]
  0x0000000016bca000 JavaThread "pool-3-thread-1" [_thread_blocked, id=15508, stack(0x0000000017150000,0x0000000017250000)]
  0x0000000016bc7800 JavaThread "pool-2-thread-1" [_thread_in_vm, id=18852, stack(0x0000000017050000,0x0000000017150000)]
  0x00000000169b3800 JavaThread "Service Thread" daemon [_thread_blocked, id=9872, stack(0x0000000016e50000,0x0000000016f50000)]
  0x000000001525e800 JavaThread "C1 CompilerThread2" daemon [_thread_in_native, id=6656, stack(0x0000000016d50000,0x0000000016e50000)]
  0x000000001525a000 JavaThread "C2 CompilerThread1" daemon [_thread_in_native, id=2932, stack(0x0000000016850000,0x0000000016950000)]
=>0x000000001520b000 JavaThread "C2 CompilerThread0" daemon [_thread_in_native, id=10144, stack(0x0000000016750000,0x0000000016850000)]
  0x0000000015209800 JavaThread "Attach Listener" daemon [_thread_blocked, id=11736, stack(0x0000000016650000,0x0000000016750000)]
  0x0000000015257800 JavaThread "Signal Dispatcher" daemon [_thread_blocked, id=16804, stack(0x0000000016550000,0x0000000016650000)]
  0x00000000151e8000 JavaThread "Finalizer" daemon [_thread_blocked, id=5984, stack(0x0000000016450000,0x0000000016550000)]
  0x0000000002b1f000 JavaThread "Reference Handler" daemon [_thread_blocked, id=6380, stack(0x0000000016350000,0x0000000016450000)]
  0x0000000002a30800 JavaThread "main" [_thread_blocked, id=19140, stack(0x00000000027b0000,0x00000000028b0000)]

Other Threads:
  0x00000000151c5800 VMThread [stack: 0x0000000016250000,0x0000000016350000] [id=11272]
  0x00000000169b4800 WatcherThread [stack: 0x0000000016f50000,0x0000000017050000] [id=6576]

VM state:not at safepoint (normal execution)

VM Mutex/Monitor currently owned by a thread: None

Heap:
 PSYoungGen      total 38400K, used 17965K [0x00000000eab00000, 0x00000000ed580000, 0x0000000100000000)
  eden space 33280K, 38% used [0x00000000eab00000,0x00000000eb78b918,0x00000000ecb80000)
  from space 5120K, 99% used [0x00000000ed080000,0x00000000ed57fca8,0x00000000ed580000)
  to   space 5120K, 0% used [0x00000000ecb80000,0x00000000ecb80000,0x00000000ed080000)
 ParOldGen       total 87552K, used 6006K [0x00000000c0000000, 0x00000000c5580000, 0x00000000eab00000)
  object space 87552K, 6% used [0x00000000c0000000,0x00000000c05dd8b8,0x00000000c5580000)
 Metaspace       used 6168K, capacity 7088K, committed 7296K, reserved 1056768K
  class space    used 576K, capacity 616K, committed 640K, reserved 1048576K

Card table byte_map: [0x0000000011ef0000,0x0000000012100000] byte_map_base: 0x00000000118f0000

Marking Bits: (ParMarkBitMap*) 0x00000000549f9d00
 Begin Bits: [0x0000000012660000, 0x0000000013660000)
 End Bits:   [0x0000000013660000, 0x0000000014660000)

Polling page: 0x0000000000c50000

CodeCache: size=245760Kb used=6496Kb max_used=6496Kb free=239263Kb
 bounds [0x0000000002b30000, 0x0000000003190000, 0x0000000011b30000]
 total_blobs=1840 nmethods=1569 adapters=184
 compilation: enabled

Compilation events (10 events):
Event: 3.948 Thread 0x000000001525e800 nmethod 1589 0x000000000318b150 code [0x000000000318b2e0, 0x000000000318b5d8]
Event: 3.948 Thread 0x000000001525e800 1590       2       com.android.dx.cf.code.BytecodeArray::byteLength (10 bytes)
Event: 3.949 Thread 0x000000001525e800 nmethod 1590 0x000000000318b8d0 code [0x000000000318ba20, 0x000000000318bb70]
Event: 3.949 Thread 0x000000001525e800 1591       2       com.android.dx.cf.code.ByteCatchList::byteLength (10 bytes)
Event: 3.949 Thread 0x000000001525e800 nmethod 1591 0x000000000318bc10 code [0x000000000318bd60, 0x000000000318beb0]
Event: 3.950 Thread 0x000000001525e800 1592       2       com.android.dx.ssa.LiteralOpUpgrader::isConstIntZeroOrKnownNull (34 bytes)
Event: 3.950 Thread 0x000000001525e800 nmethod 1592 0x000000000318bf50 code [0x000000000318c0c0, 0x000000000318c2c8]
Event: 3.951 Thread 0x000000001525e800 1594       2       java.util.HashMap::getNode (148 bytes)
Event: 3.952 Thread 0x000000001525e800 nmethod 1594 0x000000000318c3d0 code [0x000000000318c560, 0x000000000318c928]
Event: 3.952 Thread 0x000000001525e800 1595       2       com.android.dx.dex.file.ClassDefItem::addDirectMethod (9 bytes)

GC Heap History (4 events):
Event: 3.056 GC heap before
{Heap before GC invocations=1 (full 0):
 PSYoungGen      total 38400K, used 33280K [0x00000000eab00000, 0x00000000ed580000, 0x0000000100000000)
  eden space 33280K, 100% used [0x00000000eab00000,0x00000000ecb80000,0x00000000ecb80000)
  from space 5120K, 0% used [0x00000000ed080000,0x00000000ed080000,0x00000000ed580000)
  to   space 5120K, 0% used [0x00000000ecb80000,0x00000000ecb80000,0x00000000ed080000)
 ParOldGen       total 87552K, used 0K [0x00000000c0000000, 0x00000000c5580000, 0x00000000eab00000)
  object space 87552K, 0% used [0x00000000c0000000,0x00000000c0000000,0x00000000c5580000)
 Metaspace       used 5952K, capacity 6896K, committed 7040K, reserved 1056768K
  class space    used 575K, capacity 616K, committed 640K, reserved 1048576K
Event: 3.067 GC heap after
Heap after GC invocations=1 (full 0):
 PSYoungGen      total 38400K, used 5101K [0x00000000eab00000, 0x00000000ed580000, 0x0000000100000000)
  eden space 33280K, 0% used [0x00000000eab00000,0x00000000eab00000,0x00000000ecb80000)
  from space 5120K, 99% used [0x00000000ecb80000,0x00000000ed07b640,0x00000000ed080000)
  to   space 5120K, 0% used [0x00000000ed080000,0x00000000ed080000,0x00000000ed580000)
 ParOldGen       total 87552K, used 1212K [0x00000000c0000000, 0x00000000c5580000, 0x00000000eab00000)
  object space 87552K, 1% used [0x00000000c0000000,0x00000000c012f358,0x00000000c5580000)
 Metaspace       used 5952K, capacity 6896K, committed 7040K, reserved 1056768K
  class space    used 575K, capacity 616K, committed 640K, reserved 1048576K
}
Event: 3.863 GC heap before
{Heap before GC invocations=2 (full 0):
 PSYoungGen      total 38400K, used 38381K [0x00000000eab00000, 0x00000000ed580000, 0x0000000100000000)
  eden space 33280K, 100% used [0x00000000eab00000,0x00000000ecb80000,0x00000000ecb80000)
  from space 5120K, 99% used [0x00000000ecb80000,0x00000000ed07b640,0x00000000ed080000)
  to   space 5120K, 0% used [0x00000000ed080000,0x00000000ed080000,0x00000000ed580000)
 ParOldGen       total 87552K, used 1212K [0x00000000c0000000, 0x00000000c5580000, 0x00000000eab00000)
  object space 87552K, 1% used [0x00000000c0000000,0x00000000c012f358,0x00000000c5580000)
 Metaspace       used 6157K, capacity 7088K, committed 7296K, reserved 1056768K
  class space    used 576K, capacity 616K, committed 640K, reserved 1048576K
Event: 3.912 GC heap after
Heap after GC invocations=2 (full 0):
 PSYoungGen      total 38400K, used 5119K [0x00000000eab00000, 0x00000000ed580000, 0x0000000100000000)
  eden space 33280K, 0% used [0x00000000eab00000,0x00000000eab00000,0x00000000ecb80000)
  from space 5120K, 99% used [0x00000000ed080000,0x00000000ed57fca8,0x00000000ed580000)
  to   space 5120K, 0% used [0x00000000ecb80000,0x00000000ecb80000,0x00000000ed080000)
 ParOldGen       total 87552K, used 6006K [0x00000000c0000000, 0x00000000c5580000, 0x00000000eab00000)
  object space 87552K, 6% used [0x00000000c0000000,0x00000000c05dd8b8,0x00000000c5580000)
 Metaspace       used 6157K, capacity 7088K, committed 7296K, reserved 1056768K
  class space    used 576K, capacity 616K, committed 640K, reserved 1048576K
}

Deoptimization events (10 events):
Event: 3.054 Thread 0x0000000016bc7800 Uncommon trap: reason=unstable_if action=reinterpret pc=0x0000000002fbeca4 method=com.android.dx.ssa.SCCP.simulateStmt(Lcom/android/dx/ssa/SsaInsn;)V @ 53
Event: 3.556 Thread 0x0000000002a30800 Uncommon trap: reason=bimorphic action=maybe_recompile pc=0x00000000030cb5cc method=com.android.dx.cf.code.BytecodeArray.parseInstruction(ILcom/android/dx/cf/code/BytecodeArray$Visitor;)I @ 2135
Event: 3.557 Thread 0x0000000002a30800 Uncommon trap: reason=bimorphic action=maybe_recompile pc=0x00000000030cb5cc method=com.android.dx.cf.code.BytecodeArray.parseInstruction(ILcom/android/dx/cf/code/BytecodeArray$Visitor;)I @ 2135
Event: 3.581 Thread 0x0000000016bd4000 Uncommon trap: reason=bimorphic action=maybe_recompile pc=0x0000000002db2cdc method=java.util.HashMap.getNode(ILjava/lang/Object;)Ljava/util/HashMap$Node; @ 126
Event: 3.601 Thread 0x0000000016bcb000 Uncommon trap: reason=bimorphic action=maybe_recompile pc=0x00000000030cbacc method=com.android.dx.cf.code.BytecodeArray.parseInstruction(ILcom/android/dx/cf/code/BytecodeArray$Visitor;)I @ 2484
Event: 3.601 Thread 0x0000000016bcb000 Uncommon trap: reason=bimorphic action=maybe_recompile pc=0x00000000030cbacc method=com.android.dx.cf.code.BytecodeArray.parseInstruction(ILcom/android/dx/cf/code/BytecodeArray$Visitor;)I @ 2484
Event: 3.921 Thread 0x0000000016bc7800 Uncommon trap: reason=bimorphic action=maybe_recompile pc=0x0000000002db2cdc method=java.util.HashMap.getNode(ILjava/lang/Object;)Ljava/util/HashMap$Node; @ 126
Event: 3.921 Thread 0x0000000016bc7800 Uncommon trap: reason=class_check action=maybe_recompile pc=0x0000000002f63a9c method=java.util.HashMap.putVal(ILjava/lang/Object;Ljava/lang/Object;ZZ)Ljava/lang/Object; @ 203
Event: 3.951 Thread 0x0000000016bc7800 Uncommon trap: reason=bimorphic action=maybe_recompile pc=0x0000000002db2cdc method=java.util.HashMap.getNode(ILjava/lang/Object;)Ljava/util/HashMap$Node; @ 126
Event: 3.951 Thread 0x0000000016bc7800 Uncommon trap: reason=class_check action=maybe_recompile pc=0x0000000002f63a9c method=java.util.HashMap.putVal(ILjava/lang/Object;Ljava/lang/Object;ZZ)Ljava/lang/Object; @ 203

Internal exceptions (3 events):
Event: 0.160 Thread 0x0000000002a30800 Exception <a 'java/lang/NoSuchMethodError': Method sun.misc.Unsafe.defineClass(Ljava/lang/String;[BII)Ljava/lang/Class; name or signature does not match> (0x00000000eab07cc0) thrown at [C:\src\android\AOSP-openjdk\external\jetbrains\jdk\hotspot\src\share\vê?Dó|ƒ?
Event: 0.160 Thread 0x0000000002a30800 Exception <a 'java/lang/NoSuchMethodError': Method sun.misc.Unsafe.prefetchRead(Ljava/lang/Object;J)V name or signature does not match> (0x00000000eab07fa8) thrown at [C:\src\android\AOSP-openjdk\external\jetbrains\jdk\hotspot\src\share\vm\prims\jni.cpp, lˆ≈pÍp@
Event: 2.264 Thread 0x0000000016bd4000 Implicit null exception at 0x0000000002e03f97 to 0x0000000002e0645d

Events (10 events):
Event: 3.921 Thread 0x0000000016bc7800 DEOPT UNPACKING pc=0x0000000002b7556a sp=0x000000001714e4e0 mode 2
Event: 3.921 Thread 0x0000000016bc7800 Uncommon trap: trap_request=0xffffffde fr.pc=0x0000000002f63a9c
Event: 3.921 Thread 0x0000000016bc7800 DEOPT PACKING pc=0x0000000002f63a9c sp=0x000000001714e530
Event: 3.921 Thread 0x0000000016bc7800 DEOPT UNPACKING pc=0x0000000002b7556a sp=0x000000001714e4b8 mode 2
Event: 3.951 Thread 0x0000000016bc7800 Uncommon trap: trap_request=0xffffffc6 fr.pc=0x0000000002db2cdc
Event: 3.951 Thread 0x0000000016bc7800 DEOPT PACKING pc=0x0000000002db2cdc sp=0x000000001714e560
Event: 3.951 Thread 0x0000000016bc7800 DEOPT UNPACKING pc=0x0000000002b7556a sp=0x000000001714e4e0 mode 2
Event: 3.951 Thread 0x0000000016bc7800 Uncommon trap: trap_request=0xffffffde fr.pc=0x0000000002f63a9c
Event: 3.951 Thread 0x0000000016bc7800 DEOPT PACKING pc=0x0000000002f63a9c sp=0x000000001714e530
Event: 3.951 Thread 0x0000000016bc7800 DEOPT UNPACKING pc=0x0000000002b7556a sp=0x000000001714e4b8 mode 2


Dynamic libraries:
0x00007ff7891a0000 - 0x00007ff7891d1000 	G:\Android\Android Studio\jre\bin\java.exe
0x00007ffa60e80000 - 0x00007ffa61051000 	C:\WINDOWS\SYSTEM32\ntdll.dll
0x00007ffa60b80000 - 0x00007ffa60c2b000 	C:\WINDOWS\System32\KERNEL32.DLL
0x00007ffa5d7c0000 - 0x00007ffa5d9dd000 	C:\WINDOWS\System32\KERNELBASE.dll
0x00007ffa5ea80000 - 0x00007ffa5eb22000 	C:\WINDOWS\System32\ADVAPI32.dll
0x00007ffa60980000 - 0x00007ffa60a1e000 	C:\WINDOWS\System32\msvcrt.dll
0x00007ffa5f190000 - 0x00007ffa5f1e9000 	C:\WINDOWS\System32\sechost.dll
0x00007ffa5ef60000 - 0x00007ffa5f081000 	C:\WINDOWS\System32\RPCRT4.dll
0x00007ffa5e6e0000 - 0x00007ffa5e845000 	C:\WINDOWS\System32\USER32.dll
0x00007ffa5e2d0000 - 0x00007ffa5e2ee000 	C:\WINDOWS\System32\win32u.dll
0x00007ffa5e860000 - 0x00007ffa5e894000 	C:\WINDOWS\System32\GDI32.dll
0x00007ffa5d590000 - 0x00007ffa5d712000 	C:\WINDOWS\System32\gdi32full.dll
0x00007ffa56d80000 - 0x00007ffa56ff9000 	C:\WINDOWS\WinSxS\amd64_microsoft.windows.common-controls_6595b64144ccf1df_6.0.14393.447_none_42191651c6827bb3\COMCTL32.dll
0x00007ffa5e410000 - 0x00007ffa5e6d8000 	C:\WINDOWS\System32\combase.dll
0x00007ffa5da90000 - 0x00007ffa5db85000 	C:\WINDOWS\System32\ucrtbase.dll
0x00007ffa5e3a0000 - 0x00007ffa5e40a000 	C:\WINDOWS\System32\bcryptPrimitives.dll
0x00007ffa5e8b0000 - 0x00007ffa5e8de000 	C:\WINDOWS\System32\IMM32.DLL
0x00000000550c0000 - 0x0000000055192000 	G:\Android\Android Studio\jre\jre\bin\msvcr100.dll
0x0000000054240000 - 0x0000000054a74000 	G:\Android\Android Studio\jre\jre\bin\server\jvm.dll
0x00007ffa5e850000 - 0x00007ffa5e858000 	C:\WINDOWS\System32\PSAPI.DLL
0x00007ffa57000000 - 0x00007ffa57009000 	C:\WINDOWS\SYSTEM32\WSOCK32.dll
0x00007ffa5f120000 - 0x00007ffa5f18a000 	C:\WINDOWS\System32\WS2_32.dll
0x00007ffa5b4e0000 - 0x00007ffa5b503000 	C:\WINDOWS\SYSTEM32\WINMM.dll
0x00007ffa57960000 - 0x00007ffa5796a000 	C:\WINDOWS\SYSTEM32\VERSION.dll
0x00007ffa5b480000 - 0x00007ffa5b4ab000 	C:\WINDOWS\SYSTEM32\WINMMBASE.dll
0x00007ffa5d370000 - 0x00007ffa5d3b2000 	C:\WINDOWS\System32\cfgmgr32.dll
0x00007ffa5ab10000 - 0x00007ffa5ab1f000 	G:\Android\Android Studio\jre\jre\bin\verify.dll
0x00007ffa5a030000 - 0x00007ffa5a059000 	G:\Android\Android Studio\jre\jre\bin\java.dll
0x00007ffa59520000 - 0x00007ffa59536000 	G:\Android\Android Studio\jre\jre\bin\zip.dll
0x00007ffa5f410000 - 0x00007ffa60919000 	C:\WINDOWS\System32\SHELL32.dll
0x00007ffa5db90000 - 0x00007ffa5e26a000 	C:\WINDOWS\System32\windows.storage.dll
0x00007ffa5d320000 - 0x00007ffa5d36c000 	C:\WINDOWS\System32\powrprof.dll
0x00007ffa5f0c0000 - 0x00007ffa5f112000 	C:\WINDOWS\System32\shlwapi.dll
0x00007ffa5d310000 - 0x00007ffa5d31f000 	C:\WINDOWS\System32\kernel.appcore.dll
0x00007ffa5e2f0000 - 0x00007ffa5e399000 	C:\WINDOWS\System32\shcore.dll
0x00007ffa5d2e0000 - 0x00007ffa5d2f4000 	C:\WINDOWS\System32\profapi.dll

VM Arguments:
jvm_args: -Djava.awt.headless=true -Xmx1024M -Dfile.encoding=GBK -Duser.country=CN -Duser.language=zh -Duser.variant 
java_command: com.android.dx.command.Main --dex --force-jumbo --num-threads=4 --multi-dex --output F:\Androidcode\knowdev\app\build\intermediates\transforms\dex\debug\folders\1000\10\okhttp-2.0.0_5f5c23956413060fa2a6744087d6feffab4c7e99 C:\Users\cheng\.gradle\caches\modules-2\files-2.1\com.squareup.okhttp\okhttp\2.0.0\4c8d1536dba3812cc1592090dc20c47a4ed3c35e\okhttp-2.0.0.jar
java_class_path (initial): G:\Android\sdk\build-tools\24.0.3\lib\dx.jar
Launcher Type: SUN_STANDARD

Environment Variables:
JAVA_HOME=E:\Java\jdk1.8.0_25
CLASSPATH=E:\Java\jdk1.8.0_25\lib\dt.jar;E:\Java\jdk1.8.0_25\lib\tools.jar;
PATH=F:\adt-bundle-windows-x86_64-20140702\sdk\tools;F:\adt-bundle-windows-x86_64-20140702\sdk\platform-tools;G:\mysql\mysql-5.7.18-winx64\bin;E:\Java\jdk1.8.0_25\bin;C:\WINDOWS\system32;C:\WINDOWS;C:\WINDOWS\system32\wbem;C:\WINDOWS\System32\Wbem;C:\WINDOWS\System32\WindowsPowerShell\v1.0\;G:\SQLSERVER2012\110\Tools\Binn\;G:\SQLSERVER2012\110\DTS\Binn\;G:\SQLSERVER2012\110\Tools\Binn\ManagementStudio\;G:\Git\cmd;G:\nodejs\;C:\Users\cheng\AppData\Local\Programs\Python\Python35\Scripts\;C:\Users\cheng\AppData\Local\Programs\Python\Python35\;C:\Users\cheng\AppData\Local\Microsoft\WindowsApps;C:\Users\cheng\AppData\Roaming\npm
USERNAME=cheng
OS=Windows_NT
PROCESSOR_IDENTIFIER=Intel64 Family 6 Model 69 Stepping 1, GenuineIntel



---------------  S Y S T E M  ---------------

OS: Windows 10.0 , 64 bit Build 14393 (10.0.14393.0)

CPU:total 4 (2 cores per cpu, 2 threads per core) family 6 model 69 stepping 1, cmov, cx8, fxsr, mmx, sse, sse2, sse3, ssse3, sse4.1, sse4.2, popcnt, avx, avx2, aes, clmul, erms, lzcnt, ht, tsc, tscinvbit, bmi1, bmi2

Memory: 4k page, physical 8290196k(2236568k free), swap 10957984k(5684k free)

vm_info: OpenJDK 64-Bit Server VM (25.76-b03) for windows-amd64 JRE (1.8.0_76-release-b03), built on Jun 29 2016 19:09:20 by "ralucas" with MS VC++ 10.0 (VS2010)

time: Fri Jun 02 20:10:18 2017
elapsed time: 3 seconds (0d 0h 0m 3s)

