#
# There is insufficient memory for the Java Runtime Environment to continue.
# Native memory allocation (malloc) failed to allocate 769136 bytes for Chunk::new
# Possible reasons:
#   The system is out of physical RAM or swap space
#   In 32 bit mode, the process size limit was hit
# Possible solutions:
#   Reduce memory load on the system
#   Increase physical memory or swap space
#   Check if swap backing store is full
#   Use 64 bit Java on a 64 bit OS
#   Decrease Java heap size (-Xmx/-Xms)
#   Decrease number of Java threads
#   Decrease Java thread stack sizes (-Xss)
#   Set larger code cache with -XX:ReservedCodeCacheSize=
# This output file may be truncated or incomplete.
#
#  Out of Memory Error (allocation.cpp:390), pid=11476, tid=0x0000000000003810
#
# JRE version: OpenJDK Runtime Environment (8.0_76-b03) (build 1.8.0_76-release-b03)
# Java VM: OpenJDK 64-Bit Server VM (25.76-b03 mixed mode windows-amd64 compressed oops)
# Failed to write core dump. Minidumps are not enabled by default on client versions of Windows
#

---------------  T H R E A D  ---------------

Current thread (0x000000001573b000):  JavaThread "C2 CompilerThread0" daemon [_thread_in_native, id=14352, stack(0x0000000016ca0000,0x0000000016da0000)]

Stack: [0x0000000016ca0000,0x0000000016da0000]
[error occurred during error reporting (printing stack bounds), id 0xc0000005]

Native frames: (J=compiled Java code, j=interpreted, Vv=VM code, C=native code)


Current CompileTask:
C2:   2479 1533   !   4       com.android.dx.cf.cst.ConstantPoolParser::parse0 (731 bytes)


---------------  P R O C E S S  ---------------

Java Threads: ( => current thread )
  0x000000001706c000 JavaThread "pool-2-thread-4" [_thread_in_Java, id=7652, stack(0x00000000179a0000,0x0000000017aa0000)]
  0x000000001706b800 JavaThread "pool-2-thread-3" [_thread_in_Java, id=4048, stack(0x00000000178a0000,0x00000000179a0000)]
  0x000000001704f000 JavaThread "pool-2-thread-2" [_thread_in_Java, id=2672, stack(0x00000000177a0000,0x00000000178a0000)]
  0x00000000170b7800 JavaThread "pool-3-thread-1" [_thread_blocked, id=10700, stack(0x00000000176a0000,0x00000000177a0000)]
  0x0000000017053000 JavaThread "pool-2-thread-1" [_thread_in_Java, id=17100, stack(0x00000000175a0000,0x00000000176a0000)]
  0x0000000016e00800 JavaThread "Service Thread" daemon [_thread_blocked, id=10804, stack(0x00000000173a0000,0x00000000174a0000)]
  0x000000001578d800 JavaThread "C1 CompilerThread2" daemon [_thread_blocked, id=4416, stack(0x00000000172a0000,0x00000000173a0000)]
  0x000000001578c000 JavaThread "C2 CompilerThread1" daemon [_thread_in_native, id=10276, stack(0x00000000171a0000,0x00000000172a0000)]
=>0x000000001573b000 JavaThread "C2 CompilerThread0" daemon [_thread_in_native, id=14352, stack(0x0000000016ca0000,0x0000000016da0000)]
  0x0000000015739000 JavaThread "Attach Listener" daemon [_thread_blocked, id=2096, stack(0x0000000016ba0000,0x0000000016ca0000)]
  0x0000000015787800 JavaThread "Signal Dispatcher" daemon [_thread_blocked, id=17484, stack(0x0000000016aa0000,0x0000000016ba0000)]
  0x0000000015718800 JavaThread "Finalizer" daemon [_thread_blocked, id=18828, stack(0x00000000169a0000,0x0000000016aa0000)]
  0x0000000003050800 JavaThread "Reference Handler" daemon [_thread_blocked, id=7232, stack(0x00000000168a0000,0x00000000169a0000)]
  0x0000000002f60800 JavaThread "main" [_thread_in_Java, id=12404, stack(0x0000000002a40000,0x0000000002b40000)]

Other Threads:
  0x00000000156f5800 VMThread [stack: 0x00000000167a0000,0x00000000168a0000] [id=8692]
  0x0000000016e01800 WatcherThread [stack: 0x00000000174a0000,0x00000000175a0000] [id=16184]

VM state:not at safepoint (normal execution)

VM Mutex/Monitor currently owned by a thread: None

Heap:
 PSYoungGen      total 38400K, used 23555K [0x00000000eab00000, 0x00000000ef600000, 0x0000000100000000)
  eden space 33280K, 55% used [0x00000000eab00000,0x00000000ebd02e50,0x00000000ecb80000)
  from space 5120K, 99% used [0x00000000ed080000,0x00000000ed57e048,0x00000000ed580000)
  to   space 5120K, 0% used [0x00000000ecb80000,0x00000000ecb80000,0x00000000ed080000)
 ParOldGen       total 87552K, used 6756K [0x00000000c0000000, 0x00000000c5580000, 0x00000000eab00000)
  object space 87552K, 7% used [0x00000000c0000000,0x00000000c0699200,0x00000000c5580000)
 Metaspace       used 6105K, capacity 7088K, committed 7296K, reserved 1056768K
  class space    used 568K, capacity 616K, committed 640K, reserved 1048576K

Card table byte_map: [0x0000000012420000,0x0000000012630000] byte_map_base: 0x0000000011e20000

Marking Bits: (ParMarkBitMap*) 0x00000000549f9d00
 Begin Bits: [0x0000000012b90000, 0x0000000013b90000)
 End Bits:   [0x0000000013b90000, 0x0000000014b90000)

Polling page: 0x0000000000fb0000

CodeCache: size=245760Kb used=6315Kb max_used=6315Kb free=239444Kb
 bounds [0x0000000003060000, 0x00000000036a0000, 0x0000000012060000]
 total_blobs=1874 nmethods=1609 adapters=178
 compilation: enabled

Compilation events (10 events):
Event: 2.439 Thread 0x000000001578d800 1623       2       com.android.dx.rop.code.CstInsn::contentEquals (31 bytes)
Event: 2.440 Thread 0x000000001578d800 nmethod 1623 0x000000000368e790 code [0x000000000368e900, 0x000000000368eb18]
Event: 2.440 Thread 0x000000001578d800 1624   !   2       java.util.concurrent.ThreadPoolExecutor::getTask (179 bytes)
Event: 2.441 Thread 0x000000001578d800 nmethod 1624 0x000000000368ec10 code [0x000000000368ede0, 0x000000000368f398]
Event: 2.441 Thread 0x000000001578d800 1629       1       com.android.dx.rop.cst.CstType::getType (4 bytes)
Event: 2.441 Thread 0x000000001578d800 nmethod 1629 0x000000000368f790 code [0x000000000368f8e0, 0x000000000368f9f0]
Event: 2.441 Thread 0x000000001578d800 1628       2       java.util.concurrent.ThreadPoolExecutor::afterExecute (1 bytes)
Event: 2.441 Thread 0x000000001578d800 nmethod 1628 0x000000000368fa50 code [0x000000000368fba0, 0x000000000368fcf0]
Event: 2.450 Thread 0x000000001578d800 1630       2       com.android.dx.ssa.LiteralOpUpgrader$1::visitPhiInsn (1 bytes)
Event: 2.450 Thread 0x000000001578d800 nmethod 1630 0x000000000368fd50 code [0x000000000368fea0, 0x000000000368fff0]

GC Heap History (4 events):
Event: 1.362 GC heap before
{Heap before GC invocations=1 (full 0):
 PSYoungGen      total 38400K, used 33280K [0x00000000eab00000, 0x00000000ed580000, 0x0000000100000000)
  eden space 33280K, 100% used [0x00000000eab00000,0x00000000ecb80000,0x00000000ecb80000)
  from space 5120K, 0% used [0x00000000ed080000,0x00000000ed080000,0x00000000ed580000)
  to   space 5120K, 0% used [0x00000000ecb80000,0x00000000ecb80000,0x00000000ed080000)
 ParOldGen       total 87552K, used 0K [0x00000000c0000000, 0x00000000c5580000, 0x00000000eab00000)
  object space 87552K, 0% used [0x00000000c0000000,0x00000000c0000000,0x00000000c5580000)
 Metaspace       used 5825K, capacity 6896K, committed 7040K, reserved 1056768K
  class space    used 566K, capacity 616K, committed 640K, reserved 1048576K
Event: 1.376 GC heap after
Heap after GC invocations=1 (full 0):
 PSYoungGen      total 38400K, used 5119K [0x00000000eab00000, 0x00000000ed580000, 0x0000000100000000)
  eden space 33280K, 0% used [0x00000000eab00000,0x00000000eab00000,0x00000000ecb80000)
  from space 5120K, 99% used [0x00000000ecb80000,0x00000000ed07fca8,0x00000000ed080000)
  to   space 5120K, 0% used [0x00000000ed080000,0x00000000ed080000,0x00000000ed580000)
 ParOldGen       total 87552K, used 1413K [0x00000000c0000000, 0x00000000c5580000, 0x00000000eab00000)
  object space 87552K, 1% used [0x00000000c0000000,0x00000000c01614e0,0x00000000c5580000)
 Metaspace       used 5825K, capacity 6896K, committed 7040K, reserved 1056768K
  class space    used 566K, capacity 616K, committed 640K, reserved 1048576K
}
Event: 2.217 GC heap before
{Heap before GC invocations=2 (full 0):
 PSYoungGen      total 38400K, used 38399K [0x00000000eab00000, 0x00000000ed580000, 0x0000000100000000)
  eden space 33280K, 100% used [0x00000000eab00000,0x00000000ecb80000,0x00000000ecb80000)
  from space 5120K, 99% used [0x00000000ecb80000,0x00000000ed07fca8,0x00000000ed080000)
  to   space 5120K, 0% used [0x00000000ed080000,0x00000000ed080000,0x00000000ed580000)
 ParOldGen       total 87552K, used 1413K [0x00000000c0000000, 0x00000000c5580000, 0x00000000eab00000)
  object space 87552K, 1% used [0x00000000c0000000,0x00000000c01614e0,0x00000000c5580000)
 Metaspace       used 6082K, capacity 7088K, committed 7296K, reserved 1056768K
  class space    used 568K, capacity 616K, committed 640K, reserved 1048576K
Event: 2.290 GC heap after
Heap after GC invocations=2 (full 0):
 PSYoungGen      total 38400K, used 5112K [0x00000000eab00000, 0x00000000ef600000, 0x0000000100000000)
  eden space 33280K, 0% used [0x00000000eab00000,0x00000000eab00000,0x00000000ecb80000)
  from space 5120K, 99% used [0x00000000ed080000,0x00000000ed57e048,0x00000000ed580000)
  to   space 5120K, 0% used [0x00000000ecb80000,0x00000000ecb80000,0x00000000ed080000)
 ParOldGen       total 87552K, used 6756K [0x00000000c0000000, 0x00000000c5580000, 0x00000000eab00000)
  object space 87552K, 7% used [0x00000000c0000000,0x00000000c0699200,0x00000000c5580000)
 Metaspace       used 6082K, capacity 7088K, committed 7296K, reserved 1056768K
  class space    used 568K, capacity 616K, committed 640K, reserved 1048576K
}

Deoptimization events (10 events):
Event: 1.361 Thread 0x000000001706c000 Uncommon trap: reason=class_check action=maybe_recompile pc=0x00000000032fea54 method=com.android.dx.ssa.NormalSsaInsn.accept(Lcom/android/dx/ssa/SsaInsn$Visitor;)V @ 9
Event: 1.361 Thread 0x000000001706c000 Uncommon trap: reason=class_check action=maybe_recompile pc=0x00000000032bac30 method=com.android.dx.ssa.NormalSsaInsn.accept(Lcom/android/dx/ssa/SsaInsn$Visitor;)V @ 9
Event: 1.600 Thread 0x000000001704f000 Uncommon trap: reason=unstable_if action=reinterpret pc=0x00000000033c62ec method=com.android.dx.rop.code.RegisterSpecSet.put(Lcom/android/dx/rop/code/RegisterSpec;)V @ 77
Event: 1.600 Thread 0x000000001704f000 Uncommon trap: reason=unstable_if action=reinterpret pc=0x00000000033cf06c method=com.android.dx.rop.code.RegisterSpecSet.put(Lcom/android/dx/rop/code/RegisterSpec;)V @ 77
Event: 1.933 Thread 0x000000001706b800 Uncommon trap: reason=unstable_if action=reinterpret pc=0x00000000035b1da0 method=com.android.dx.ssa.InterferenceRegisterMapper.interferes(III)Z @ 35
Event: 1.941 Thread 0x000000001706b800 Uncommon trap: reason=unstable_if action=reinterpret pc=0x00000000033595fc method=com.android.dx.rop.code.RegisterSpec.equals(ILcom/android/dx/rop/type/TypeBearer;Lcom/android/dx/rop/code/LocalItem;)Z @ 42
Event: 1.943 Thread 0x000000001706b800 Uncommon trap: reason=unstable_if action=reinterpret pc=0x0000000003472284 method=com.android.dx.ssa.SsaRenamer$BlockRenamer.addMapping(ILcom/android/dx/rop/code/RegisterSpec;)V @ 120
Event: 2.198 Thread 0x0000000017053000 Uncommon trap: reason=unstable_if action=reinterpret pc=0x00000000034a63dc method=com.android.dx.ssa.SsaMethod.updateOneDefinition(Lcom/android/dx/ssa/SsaInsn;Lcom/android/dx/rop/code/RegisterSpec;)V @ 4
Event: 2.340 Thread 0x000000001706b800 Uncommon trap: reason=unstable_if action=reinterpret pc=0x000000000347529c method=com.android.dx.rop.cst.Constant.compareTo(Lcom/android/dx/rop/cst/Constant;)I @ 12
Event: 2.424 Thread 0x000000001706c000 Uncommon trap: reason=null_check action=make_not_entrant pc=0x00000000033ac128 method=com.android.dx.rop.type.Type.equals(Ljava/lang/Object;)Z @ 8

Internal exceptions (3 events):
Event: 0.107 Thread 0x0000000002f60800 Exception <a 'java/lang/NoSuchMethodError': Method sun.misc.Unsafe.defineClass(Ljava/lang/String;[BII)Ljava/lang/Class; name or signature does not match> (0x00000000eab07cc0) thrown at [C:\src\android\AOSP-openjdk\external\jetbrains\jdk\hotspot\src\share\v…ú\P»?
Event: 0.107 Thread 0x0000000002f60800 Exception <a 'java/lang/NoSuchMethodError': Method sun.misc.Unsafe.prefetchRead(Ljava/lang/Object;J)V name or signature does not match> (0x00000000eab07fa8) thrown at [C:\src\android\AOSP-openjdk\external\jetbrains\jdk\hotspot\src\share\vm\prims\jni.cpp, lÇÒ|¤jc@
Event: 2.424 Thread 0x000000001706c000 Implicit null exception at 0x00000000033ac022 to 0x00000000033ac11a

Events (10 events):
Event: 2.217 Executing VM operation: ParallelGCFailedAllocation
Event: 2.290 Executing VM operation: ParallelGCFailedAllocation done
Event: 2.293 Thread 0x000000001706c000 DEOPT PACKING pc=0x000000000353915b sp=0x0000000017a9e8d0
Event: 2.293 Thread 0x000000001706c000 DEOPT UNPACKING pc=0x00000000030a75bf sp=0x0000000017a9e638 mode 0
Event: 2.340 Thread 0x000000001706b800 Uncommon trap: trap_request=0xffffff65 fr.pc=0x000000000347529c
Event: 2.340 Thread 0x000000001706b800 DEOPT PACKING pc=0x000000000347529c sp=0x000000001799e3b0
Event: 2.340 Thread 0x000000001706b800 DEOPT UNPACKING pc=0x00000000030a556a sp=0x000000001799e350 mode 2
Event: 2.424 Thread 0x000000001706c000 Uncommon trap: trap_request=0xfffffff4 fr.pc=0x00000000033ac128
Event: 2.424 Thread 0x000000001706c000 DEOPT PACKING pc=0x00000000033ac128 sp=0x0000000017a9e350
Event: 2.424 Thread 0x000000001706c000 DEOPT UNPACKING pc=0x00000000030a556a sp=0x0000000017a9e2d8 mode 2


Dynamic libraries:
0x00007ff7891a0000 - 0x00007ff7891d1000 	G:\Android\Android Studio\jre\bin\java.exe
0x00007ffa60e80000 - 0x00007ffa61051000 	C:\WINDOWS\SYSTEM32\ntdll.dll
0x00007ffa60b80000 - 0x00007ffa60c2b000 	C:\WINDOWS\System32\KERNEL32.DLL
0x00007ffa5d7c0000 - 0x00007ffa5d9dd000 	C:\WINDOWS\System32\KERNELBASE.dll
0x00007ffa5ea80000 - 0x00007ffa5eb22000 	C:\WINDOWS\System32\ADVAPI32.dll
0x00007ffa60980000 - 0x00007ffa60a1e000 	C:\WINDOWS\System32\msvcrt.dll
0x00007ffa5f190000 - 0x00007ffa5f1e9000 	C:\WINDOWS\System32\sechost.dll
0x00007ffa5ef60000 - 0x00007ffa5f081000 	C:\WINDOWS\System32\RPCRT4.dll
0x00007ffa5e6e0000 - 0x00007ffa5e845000 	C:\WINDOWS\System32\USER32.dll
0x00007ffa5e2d0000 - 0x00007ffa5e2ee000 	C:\WINDOWS\System32\win32u.dll
0x00007ffa5e860000 - 0x00007ffa5e894000 	C:\WINDOWS\System32\GDI32.dll
0x00007ffa5d590000 - 0x00007ffa5d712000 	C:\WINDOWS\System32\gdi32full.dll
0x00007ffa56d80000 - 0x00007ffa56ff9000 	C:\WINDOWS\WinSxS\amd64_microsoft.windows.common-controls_6595b64144ccf1df_6.0.14393.447_none_42191651c6827bb3\COMCTL32.dll
0x00007ffa5e410000 - 0x00007ffa5e6d8000 	C:\WINDOWS\System32\combase.dll
0x00007ffa5da90000 - 0x00007ffa5db85000 	C:\WINDOWS\System32\ucrtbase.dll
0x00007ffa5e3a0000 - 0x00007ffa5e40a000 	C:\WINDOWS\System32\bcryptPrimitives.dll
0x00007ffa5e8b0000 - 0x00007ffa5e8de000 	C:\WINDOWS\System32\IMM32.DLL
0x00000000550c0000 - 0x0000000055192000 	G:\Android\Android Studio\jre\jre\bin\msvcr100.dll
0x0000000054240000 - 0x0000000054a74000 	G:\Android\Android Studio\jre\jre\bin\server\jvm.dll
0x00007ffa5e850000 - 0x00007ffa5e858000 	C:\WINDOWS\System32\PSAPI.DLL
0x00007ffa57000000 - 0x00007ffa57009000 	C:\WINDOWS\SYSTEM32\WSOCK32.dll
0x00007ffa5f120000 - 0x00007ffa5f18a000 	C:\WINDOWS\System32\WS2_32.dll
0x00007ffa5b4e0000 - 0x00007ffa5b503000 	C:\WINDOWS\SYSTEM32\WINMM.dll
0x00007ffa57960000 - 0x00007ffa5796a000 	C:\WINDOWS\SYSTEM32\VERSION.dll
0x00007ffa5b480000 - 0x00007ffa5b4ab000 	C:\WINDOWS\SYSTEM32\WINMMBASE.dll
0x00007ffa5d370000 - 0x00007ffa5d3b2000 	C:\WINDOWS\System32\cfgmgr32.dll
0x00007ffa5ab10000 - 0x00007ffa5ab1f000 	G:\Android\Android Studio\jre\jre\bin\verify.dll
0x00007ffa5a030000 - 0x00007ffa5a059000 	G:\Android\Android Studio\jre\jre\bin\java.dll
0x00007ffa59520000 - 0x00007ffa59536000 	G:\Android\Android Studio\jre\jre\bin\zip.dll
0x00007ffa5f410000 - 0x00007ffa60919000 	C:\WINDOWS\System32\SHELL32.dll
0x00007ffa5db90000 - 0x00007ffa5e26a000 	C:\WINDOWS\System32\windows.storage.dll
0x00007ffa5d320000 - 0x00007ffa5d36c000 	C:\WINDOWS\System32\powrprof.dll
0x00007ffa5f0c0000 - 0x00007ffa5f112000 	C:\WINDOWS\System32\shlwapi.dll
0x00007ffa5d310000 - 0x00007ffa5d31f000 	C:\WINDOWS\System32\kernel.appcore.dll
0x00007ffa5e2f0000 - 0x00007ffa5e399000 	C:\WINDOWS\System32\shcore.dll
0x00007ffa5d2e0000 - 0x00007ffa5d2f4000 	C:\WINDOWS\System32\profapi.dll

VM Arguments:
jvm_args: -Djava.awt.headless=true -Xmx1024M -Dfile.encoding=GBK -Duser.country=CN -Duser.language=zh -Duser.variant 
java_command: com.android.dx.command.Main --dex --force-jumbo --num-threads=4 --multi-dex --output F:\Androidcode\knowdev\app\build\intermediates\transforms\dex\debug\folders\1000\10\com.android.support-support-media-compat-25.2.0_6d4e2a473b27f50694deb42f98ea99ef243f38ab F:\Androidcode\knowdev\app\build\intermediates\exploded-aar\com.android.support\support-media-compat\25.2.0\jars\classes.jar
java_class_path (initial): G:\Android\sdk\build-tools\24.0.3\lib\dx.jar
Launcher Type: SUN_STANDARD

Environment Variables:
JAVA_HOME=E:\Java\jdk1.8.0_25
CLASSPATH=E:\Java\jdk1.8.0_25\lib\dt.jar;E:\Java\jdk1.8.0_25\lib\tools.jar;
PATH=F:\adt-bundle-windows-x86_64-20140702\sdk\tools;F:\adt-bundle-windows-x86_64-20140702\sdk\platform-tools;G:\mysql\mysql-5.7.18-winx64\bin;E:\Java\jdk1.8.0_25\bin;C:\WINDOWS\system32;C:\WINDOWS;C:\WINDOWS\system32\wbem;C:\WINDOWS\System32\Wbem;C:\WINDOWS\System32\WindowsPowerShell\v1.0\;G:\SQLSERVER2012\110\Tools\Binn\;G:\SQLSERVER2012\110\DTS\Binn\;G:\SQLSERVER2012\110\Tools\Binn\ManagementStudio\;G:\Git\cmd;G:\nodejs\;C:\Users\cheng\AppData\Local\Programs\Python\Python35\Scripts\;C:\Users\cheng\AppData\Local\Programs\Python\Python35\;C:\Users\cheng\AppData\Local\Microsoft\WindowsApps;C:\Users\cheng\AppData\Roaming\npm
USERNAME=cheng
OS=Windows_NT
PROCESSOR_IDENTIFIER=Intel64 Family 6 Model 69 Stepping 1, GenuineIntel



---------------  S Y S T E M  ---------------

OS: Windows 10.0 , 64 bit Build 14393 (10.0.14393.0)

CPU:total 4 (2 cores per cpu, 2 threads per core) family 6 model 69 stepping 1, cmov, cx8, fxsr, mmx, sse, sse2, sse3, ssse3, sse4.1, sse4.2, popcnt, avx, avx2, aes, clmul, erms, lzcnt, ht, tsc, tscinvbit, bmi1, bmi2

Memory: 4k page, physical 8290196k(2210332k free), swap 10957984k(5340k free)

vm_info: OpenJDK 64-Bit Server VM (25.76-b03) for windows-amd64 JRE (1.8.0_76-release-b03), built on Jun 29 2016 19:09:20 by "ralucas" with MS VC++ 10.0 (VS2010)

time: Fri Jun 02 20:10:42 2017
elapsed time: 2 seconds (0d 0h 0m 2s)

