#
# There is insufficient memory for the Java Runtime Environment to continue.
# Native memory allocation (malloc) failed to allocate 891216 bytes for Chunk::new
# Possible reasons:
#   The system is out of physical RAM or swap space
#   In 32 bit mode, the process size limit was hit
# Possible solutions:
#   Reduce memory load on the system
#   Increase physical memory or swap space
#   Check if swap backing store is full
#   Use 64 bit Java on a 64 bit OS
#   Decrease Java heap size (-Xmx/-Xms)
#   Decrease number of Java threads
#   Decrease Java thread stack sizes (-Xss)
#   Set larger code cache with -XX:ReservedCodeCacheSize=
# This output file may be truncated or incomplete.
#
#  Out of Memory Error (allocation.cpp:390), pid=19008, tid=0x00000000000019ec
#
# JRE version: OpenJDK Runtime Environment (8.0_76-b03) (build 1.8.0_76-release-b03)
# Java VM: OpenJDK 64-Bit Server VM (25.76-b03 mixed mode windows-amd64 compressed oops)
# Failed to write core dump. Minidumps are not enabled by default on client versions of Windows
#

---------------  T H R E A D  ---------------

Current thread (0x000000001515a000):  JavaThread "C2 CompilerThread1" daemon [_thread_in_native, id=6636, stack(0x00000000167b0000,0x00000000168b0000)]

Stack: [0x00000000167b0000,0x00000000168b0000]
[error occurred during error reporting (printing stack bounds), id 0xc0000005]

Native frames: (J=compiled Java code, j=interpreted, Vv=VM code, C=native code)


Current CompileTask:
C2:   3310 1107       4       com.android.dx.dex.code.OutputFinisher::addConstants (93 bytes)


---------------  P R O C E S S  ---------------

Java Threads: ( => current thread )
  0x0000000016b62800 JavaThread "pool-1-thread-1" [_thread_in_Java, id=16948, stack(0x0000000018c80000,0x0000000018d80000)]
  0x0000000016913800 JavaThread "Service Thread" daemon [_thread_blocked, id=15268, stack(0x0000000016db0000,0x0000000016eb0000)]
  0x000000001515e800 JavaThread "C1 CompilerThread2" daemon [_thread_in_vm, id=9508, stack(0x0000000016cb0000,0x0000000016db0000)]
=>0x000000001515a000 JavaThread "C2 CompilerThread1" daemon [_thread_in_native, id=6636, stack(0x00000000167b0000,0x00000000168b0000)]
  0x000000001510b000 JavaThread "C2 CompilerThread0" daemon [_thread_in_native, id=17464, stack(0x00000000166b0000,0x00000000167b0000)]
  0x0000000015109800 JavaThread "Attach Listener" daemon [_thread_blocked, id=19220, stack(0x00000000165b0000,0x00000000166b0000)]
  0x0000000015157800 JavaThread "Signal Dispatcher" daemon [_thread_blocked, id=17636, stack(0x00000000164b0000,0x00000000165b0000)]
  0x00000000150e8000 JavaThread "Finalizer" daemon [_thread_blocked, id=8264, stack(0x0000000016350000,0x0000000016450000)]
  0x0000000002a1f000 JavaThread "Reference Handler" daemon [_thread_blocked, id=15508, stack(0x0000000016250000,0x0000000016350000)]
  0x0000000002930800 JavaThread "main" [_thread_blocked, id=784, stack(0x00000000027e0000,0x00000000028e0000)]

Other Threads:
  0x00000000150c5800 VMThread [stack: 0x0000000016150000,0x0000000016250000] [id=2932]
  0x0000000016915000 WatcherThread [stack: 0x0000000016eb0000,0x0000000016fb0000] [id=10524]

VM state:not at safepoint (normal execution)

VM Mutex/Monitor currently owned by a thread: None

Heap:
 PSYoungGen      total 38400K, used 23317K [0x00000000eab00000, 0x00000000ed580000, 0x0000000100000000)
  eden space 33280K, 70% used [0x00000000eab00000,0x00000000ec1c5540,0x00000000ecb80000)
  from space 5120K, 0% used [0x00000000ed080000,0x00000000ed080000,0x00000000ed580000)
  to   space 5120K, 0% used [0x00000000ecb80000,0x00000000ecb80000,0x00000000ed080000)
 ParOldGen       total 87552K, used 0K [0x00000000c0000000, 0x00000000c5580000, 0x00000000eab00000)
  object space 87552K, 0% used [0x00000000c0000000,0x00000000c0000000,0x00000000c5580000)
 Metaspace       used 5916K, capacity 7024K, committed 7296K, reserved 1056768K
  class space    used 577K, capacity 616K, committed 640K, reserved 1048576K

Card table byte_map: [0x0000000011df0000,0x0000000012000000] byte_map_base: 0x00000000117f0000

Marking Bits: (ParMarkBitMap*) 0x00000000549f9d00
 Begin Bits: [0x0000000012560000, 0x0000000013560000)
 End Bits:   [0x0000000013560000, 0x0000000014560000)

Polling page: 0x00000000005b0000

CodeCache: size=245760Kb used=4872Kb max_used=4872Kb free=240887Kb
 bounds [0x0000000002a30000, 0x0000000002f00000, 0x0000000011a30000]
 total_blobs=1468 nmethods=1204 adapters=178
 compilation: enabled

Compilation events (10 events):
Event: 3.303 Thread 0x000000001510b000 1195       4       com.android.dx.dex.code.DalvInsnList::set (7 bytes)
Event: 3.304 Thread 0x000000001510b000 nmethod 1195 0x0000000002eee8d0 code [0x0000000002eeea20, 0x0000000002eeeb38]
Event: 3.305 Thread 0x000000001515e800 nmethod 1196 0x0000000002eec250 code [0x0000000002eec520, 0x0000000002eedd78]
Event: 3.305 Thread 0x000000001515e800 1197       3       com.android.dx.dex.code.OutputFinisher::assignAddresses (51 bytes)
Event: 3.305 Thread 0x000000001515e800 nmethod 1197 0x0000000002eeec90 code [0x0000000002eeee80, 0x0000000002eef738]
Event: 3.305 Thread 0x000000001515e800 1198       3       com.android.dx.dex.code.OutputFinisher::assignIndices (46 bytes)
Event: 3.306 Thread 0x000000001515e800 nmethod 1198 0x0000000002eefcd0 code [0x0000000002eefea0, 0x0000000002ef0718]
Event: 3.306 Thread 0x000000001515e800 1199       1       com.android.dx.rop.cst.CstLiteral32::fitsInInt (2 bytes)
Event: 3.306 Thread 0x000000001515e800 nmethod 1199 0x0000000002eebf90 code [0x0000000002eec0e0, 0x0000000002eec1f0]
Event: 3.306 Thread 0x000000001515e800 1200       3       com.android.dx.dex.code.LocalList::make (102 bytes)

GC Heap History (0 events):
No events

Deoptimization events (10 events):
Event: 2.237 Thread 0x0000000016b62800 Uncommon trap: reason=bimorphic action=maybe_recompile pc=0x0000000002d38064 method=java.util.HashMap.getNode(ILjava/lang/Object;)Ljava/util/HashMap$Node; @ 126
Event: 2.237 Thread 0x0000000016b62800 Uncommon trap: reason=bimorphic action=maybe_recompile pc=0x0000000002d38064 method=java.util.HashMap.getNode(ILjava/lang/Object;)Ljava/util/HashMap$Node; @ 126
Event: 2.237 Thread 0x0000000016b62800 Uncommon trap: reason=bimorphic action=maybe_recompile pc=0x0000000002d38064 method=java.util.HashMap.getNode(ILjava/lang/Object;)Ljava/util/HashMap$Node; @ 126
Event: 2.237 Thread 0x0000000016b62800 Uncommon trap: reason=bimorphic action=maybe_recompile pc=0x0000000002d38064 method=java.util.HashMap.getNode(ILjava/lang/Object;)Ljava/util/HashMap$Node; @ 126
Event: 2.328 Thread 0x0000000016b62800 Uncommon trap: reason=unstable_if action=reinterpret pc=0x0000000002c464b4 method=java.util.BitSet.ensureCapacity(I)V @ 6
Event: 3.072 Thread 0x0000000016b62800 Uncommon trap: reason=class_check action=maybe_recompile pc=0x0000000002e96cd8 method=java.util.Arrays.hashCode([Ljava/lang/Object;)I @ 43
Event: 3.072 Thread 0x0000000016b62800 Uncommon trap: reason=class_check action=maybe_recompile pc=0x0000000002e96cd8 method=java.util.Arrays.hashCode([Ljava/lang/Object;)I @ 43
Event: 3.074 Thread 0x0000000016b62800 Uncommon trap: reason=class_check action=maybe_recompile pc=0x0000000002e96cd8 method=java.util.Arrays.hashCode([Ljava/lang/Object;)I @ 43
Event: 3.074 Thread 0x0000000016b62800 Uncommon trap: reason=class_check action=maybe_recompile pc=0x0000000002e96cd8 method=java.util.Arrays.hashCode([Ljava/lang/Object;)I @ 43
Event: 3.075 Thread 0x0000000016b62800 Uncommon trap: reason=class_check action=maybe_recompile pc=0x0000000002e82af8 method=java.util.Arrays.hashCode([Ljava/lang/Object;)I @ 43

Internal exceptions (2 events):
Event: 0.157 Thread 0x0000000002930800 Exception <a 'java/lang/NoSuchMethodError': Method sun.misc.Unsafe.defineClass(Ljava/lang/String;[BII)Ljava/lang/Class; name or signature does not match> (0x00000000eab07cc0) thrown at [C:\src\android\AOSP-openjdk\external\jetbrains\jdk\hotspot\src\share\vÕRInW)Ä?
Event: 0.158 Thread 0x0000000002930800 Exception <a 'java/lang/NoSuchMethodError': Method sun.misc.Unsafe.prefetchRead(Ljava/lang/Object;J)V name or signature does not match> (0x00000000eab07fa8) thrown at [C:\src\android\AOSP-openjdk\external\jetbrains\jdk\hotspot\src\share\vm\prims\jni.cpp, l

Events (10 events):
Event: 3.150 loading class com/android/dx/dex/code/LocalList$MakeState
Event: 3.150 loading class com/android/dx/dex/code/LocalList$MakeState done
Event: 3.151 loading class com/android/dx/dex/code/LocalList$Disposition
Event: 3.151 loading class com/android/dx/dex/code/LocalList$Disposition done
Event: 3.152 loading class com/android/dx/dex/code/LocalList$Entry
Event: 3.152 loading class com/android/dx/dex/code/LocalList$Entry done
Event: 3.152 loading class com/android/dx/dex/code/CatchHandlerList
Event: 3.152 loading class com/android/dx/dex/code/CatchHandlerList done
Event: 3.153 loading class com/android/dx/dex/code/CatchTable
Event: 3.153 loading class com/android/dx/dex/code/CatchTable done


Dynamic libraries:
0x00007ff7891a0000 - 0x00007ff7891d1000 	G:\Android\Android Studio\jre\bin\java.exe
0x00007ffa60e80000 - 0x00007ffa61051000 	C:\WINDOWS\SYSTEM32\ntdll.dll
0x00007ffa60b80000 - 0x00007ffa60c2b000 	C:\WINDOWS\System32\KERNEL32.DLL
0x00007ffa5d7c0000 - 0x00007ffa5d9dd000 	C:\WINDOWS\System32\KERNELBASE.dll
0x00007ffa5ea80000 - 0x00007ffa5eb22000 	C:\WINDOWS\System32\ADVAPI32.dll
0x00007ffa60980000 - 0x00007ffa60a1e000 	C:\WINDOWS\System32\msvcrt.dll
0x00007ffa5f190000 - 0x00007ffa5f1e9000 	C:\WINDOWS\System32\sechost.dll
0x00007ffa5ef60000 - 0x00007ffa5f081000 	C:\WINDOWS\System32\RPCRT4.dll
0x00007ffa5e6e0000 - 0x00007ffa5e845000 	C:\WINDOWS\System32\USER32.dll
0x00007ffa5e2d0000 - 0x00007ffa5e2ee000 	C:\WINDOWS\System32\win32u.dll
0x00007ffa5e860000 - 0x00007ffa5e894000 	C:\WINDOWS\System32\GDI32.dll
0x00007ffa5d590000 - 0x00007ffa5d712000 	C:\WINDOWS\System32\gdi32full.dll
0x00007ffa56d80000 - 0x00007ffa56ff9000 	C:\WINDOWS\WinSxS\amd64_microsoft.windows.common-controls_6595b64144ccf1df_6.0.14393.447_none_42191651c6827bb3\COMCTL32.dll
0x00007ffa5e410000 - 0x00007ffa5e6d8000 	C:\WINDOWS\System32\combase.dll
0x00007ffa5da90000 - 0x00007ffa5db85000 	C:\WINDOWS\System32\ucrtbase.dll
0x00007ffa5e3a0000 - 0x00007ffa5e40a000 	C:\WINDOWS\System32\bcryptPrimitives.dll
0x00007ffa5e8b0000 - 0x00007ffa5e8de000 	C:\WINDOWS\System32\IMM32.DLL
0x00000000550c0000 - 0x0000000055192000 	G:\Android\Android Studio\jre\jre\bin\msvcr100.dll
0x0000000054240000 - 0x0000000054a74000 	G:\Android\Android Studio\jre\jre\bin\server\jvm.dll
0x00007ffa5e850000 - 0x00007ffa5e858000 	C:\WINDOWS\System32\PSAPI.DLL
0x00007ffa57000000 - 0x00007ffa57009000 	C:\WINDOWS\SYSTEM32\WSOCK32.dll
0x00007ffa5f120000 - 0x00007ffa5f18a000 	C:\WINDOWS\System32\WS2_32.dll
0x00007ffa5b4e0000 - 0x00007ffa5b503000 	C:\WINDOWS\SYSTEM32\WINMM.dll
0x00007ffa57960000 - 0x00007ffa5796a000 	C:\WINDOWS\SYSTEM32\VERSION.dll
0x00007ffa5b480000 - 0x00007ffa5b4ab000 	C:\WINDOWS\SYSTEM32\WINMMBASE.dll
0x00007ffa5d370000 - 0x00007ffa5d3b2000 	C:\WINDOWS\System32\cfgmgr32.dll
0x00007ffa5ab10000 - 0x00007ffa5ab1f000 	G:\Android\Android Studio\jre\jre\bin\verify.dll
0x00007ffa5a030000 - 0x00007ffa5a059000 	G:\Android\Android Studio\jre\jre\bin\java.dll
0x00007ffa59520000 - 0x00007ffa59536000 	G:\Android\Android Studio\jre\jre\bin\zip.dll
0x00007ffa5f410000 - 0x00007ffa60919000 	C:\WINDOWS\System32\SHELL32.dll
0x00007ffa5db90000 - 0x00007ffa5e26a000 	C:\WINDOWS\System32\windows.storage.dll
0x00007ffa5d320000 - 0x00007ffa5d36c000 	C:\WINDOWS\System32\powrprof.dll
0x00007ffa5f0c0000 - 0x00007ffa5f112000 	C:\WINDOWS\System32\shlwapi.dll
0x00007ffa5d310000 - 0x00007ffa5d31f000 	C:\WINDOWS\System32\kernel.appcore.dll
0x00007ffa5e2f0000 - 0x00007ffa5e399000 	C:\WINDOWS\System32\shcore.dll
0x00007ffa5d2e0000 - 0x00007ffa5d2f4000 	C:\WINDOWS\System32\profapi.dll

VM Arguments:
jvm_args: -Djava.awt.headless=true -Xmx1024M -Dfile.encoding=GBK -Duser.country=CN -Duser.language=zh -Duser.variant 
java_command: com.android.dx.command.Main --dex --force-jumbo --num-threads=4 --multi-dex --output F:\Androidcode\knowdev\app\build\intermediates\transforms\dex\debug\folders\1000\10\com.android.support-cardview-v7-25.2.0_96ef073f8f94b8fec0a3667ee81f1273ebfb8596 F:\Androidcode\knowdev\app\build\intermediates\exploded-aar\com.android.support\cardview-v7\25.2.0\jars\classes.jar
java_class_path (initial): G:\Android\sdk\build-tools\24.0.3\lib\dx.jar
Launcher Type: SUN_STANDARD

Environment Variables:
JAVA_HOME=E:\Java\jdk1.8.0_25
CLASSPATH=E:\Java\jdk1.8.0_25\lib\dt.jar;E:\Java\jdk1.8.0_25\lib\tools.jar;
PATH=F:\adt-bundle-windows-x86_64-20140702\sdk\tools;F:\adt-bundle-windows-x86_64-20140702\sdk\platform-tools;G:\mysql\mysql-5.7.18-winx64\bin;E:\Java\jdk1.8.0_25\bin;C:\WINDOWS\system32;C:\WINDOWS;C:\WINDOWS\system32\wbem;C:\WINDOWS\System32\Wbem;C:\WINDOWS\System32\WindowsPowerShell\v1.0\;G:\SQLSERVER2012\110\Tools\Binn\;G:\SQLSERVER2012\110\DTS\Binn\;G:\SQLSERVER2012\110\Tools\Binn\ManagementStudio\;G:\Git\cmd;G:\nodejs\;C:\Users\cheng\AppData\Local\Programs\Python\Python35\Scripts\;C:\Users\cheng\AppData\Local\Programs\Python\Python35\;C:\Users\cheng\AppData\Local\Microsoft\WindowsApps;C:\Users\cheng\AppData\Roaming\npm
USERNAME=cheng
OS=Windows_NT
PROCESSOR_IDENTIFIER=Intel64 Family 6 Model 69 Stepping 1, GenuineIntel



---------------  S Y S T E M  ---------------

OS: Windows 10.0 , 64 bit Build 14393 (10.0.14393.0)

CPU:total 4 (2 cores per cpu, 2 threads per core) family 6 model 69 stepping 1, cmov, cx8, fxsr, mmx, sse, sse2, sse3, ssse3, sse4.1, sse4.2, popcnt, avx, avx2, aes, clmul, erms, lzcnt, ht, tsc, tscinvbit, bmi1, bmi2

Memory: 4k page, physical 8290196k(2238916k free), swap 10957984k(5100k free)

vm_info: OpenJDK 64-Bit Server VM (25.76-b03) for windows-amd64 JRE (1.8.0_76-release-b03), built on Jun 29 2016 19:09:20 by "ralucas" with MS VC++ 10.0 (VS2010)

time: Fri Jun 02 20:10:38 2017
elapsed time: 3 seconds (0d 0h 0m 3s)

