#
# There is insufficient memory for the Java Runtime Environment to continue.
# Native memory allocation (malloc) failed to allocate 1139136 bytes for Chunk::new
# Possible reasons:
#   The system is out of physical RAM or swap space
#   In 32 bit mode, the process size limit was hit
# Possible solutions:
#   Reduce memory load on the system
#   Increase physical memory or swap space
#   Check if swap backing store is full
#   Use 64 bit Java on a 64 bit OS
#   Decrease Java heap size (-Xmx/-Xms)
#   Decrease number of Java threads
#   Decrease Java thread stack sizes (-Xss)
#   Set larger code cache with -XX:ReservedCodeCacheSize=
# This output file may be truncated or incomplete.
#
#  Out of Memory Error (allocation.cpp:390), pid=13364, tid=0x0000000000004bf4
#
# JRE version: OpenJDK Runtime Environment (8.0_76-b03) (build 1.8.0_76-release-b03)
# Java VM: OpenJDK 64-Bit Server VM (25.76-b03 mixed mode windows-amd64 compressed oops)
# Failed to write core dump. Minidumps are not enabled by default on client versions of Windows
#

---------------  T H R E A D  ---------------

Current thread (0x0000000016881800):  JavaThread "C2 CompilerThread1" daemon [_thread_in_native, id=19444, stack(0x0000000016c30000,0x0000000016d30000)]

Stack: [0x0000000016c30000,0x0000000016d30000]
[error occurred during error reporting (printing stack bounds), id 0xc0000005]

Native frames: (J=compiled Java code, j=interpreted, Vv=VM code, C=native code)


Current CompileTask:
C2:   3368 1654   !   4       com.android.dx.cf.cst.ConstantPoolParser::parse0 (731 bytes)


---------------  P R O C E S S  ---------------

Java Threads: ( => current thread )
  0x0000000016a8d800 JavaThread "pool-2-thread-4" [_thread_in_Java, id=9092, stack(0x0000000017430000,0x0000000017530000)]
  0x0000000016a8d000 JavaThread "pool-2-thread-3" [_thread_in_Java, id=8480, stack(0x0000000017330000,0x0000000017430000)]
  0x0000000016a7f000 JavaThread "pool-2-thread-2" [_thread_blocked, id=11592, stack(0x0000000017230000,0x0000000017330000)]
  0x0000000016ba1800 JavaThread "pool-3-thread-1" [_thread_blocked, id=17820, stack(0x0000000017130000,0x0000000017230000)]
  0x0000000016b9e800 JavaThread "pool-2-thread-1" [_thread_in_Java, id=12108, stack(0x0000000017030000,0x0000000017130000)]
  0x000000001688e800 JavaThread "Service Thread" daemon [_thread_blocked, id=9276, stack(0x0000000016e30000,0x0000000016f30000)]
  0x0000000016888000 JavaThread "C1 CompilerThread2" daemon [_thread_blocked, id=16592, stack(0x0000000016d30000,0x0000000016e30000)]
=>0x0000000016881800 JavaThread "C2 CompilerThread1" daemon [_thread_in_native, id=19444, stack(0x0000000016c30000,0x0000000016d30000)]
  0x000000001518b000 JavaThread "C2 CompilerThread0" daemon [_thread_in_native, id=10116, stack(0x0000000016730000,0x0000000016830000)]
  0x0000000015189800 JavaThread "Attach Listener" daemon [_thread_blocked, id=2816, stack(0x0000000016630000,0x0000000016730000)]
  0x00000000151d7800 JavaThread "Signal Dispatcher" daemon [_thread_blocked, id=17168, stack(0x0000000016530000,0x0000000016630000)]
  0x0000000015168000 JavaThread "Finalizer" daemon [_thread_blocked, id=9304, stack(0x00000000163d0000,0x00000000164d0000)]
  0x0000000002a5f000 JavaThread "Reference Handler" daemon [_thread_blocked, id=5808, stack(0x00000000162d0000,0x00000000163d0000)]
  0x0000000002970800 JavaThread "main" [_thread_in_Java, id=10812, stack(0x00000000024f0000,0x00000000025f0000)]

Other Threads:
  0x0000000015145800 VMThread [stack: 0x00000000161d0000,0x00000000162d0000] [id=6020]
  0x0000000016890000 WatcherThread [stack: 0x0000000016f30000,0x0000000017030000] [id=12672]

VM state:not at safepoint (normal execution)

VM Mutex/Monitor currently owned by a thread: None

Heap:
 PSYoungGen      total 71680K, used 69502K [0x00000000eab00000, 0x00000000ef600000, 0x0000000100000000)
  eden space 66560K, 96% used [0x00000000eab00000,0x00000000ee9e2488,0x00000000eec00000)
  from space 5120K, 99% used [0x00000000ef100000,0x00000000ef5fd6d0,0x00000000ef600000)
  to   space 5120K, 0% used [0x00000000eec00000,0x00000000eec00000,0x00000000ef100000)
 ParOldGen       total 87552K, used 6122K [0x00000000c0000000, 0x00000000c5580000, 0x00000000eab00000)
  object space 87552K, 6% used [0x00000000c0000000,0x00000000c05fabb0,0x00000000c5580000)
 Metaspace       used 6125K, capacity 7152K, committed 7296K, reserved 1056768K
  class space    used 569K, capacity 616K, committed 640K, reserved 1048576K

Card table byte_map: [0x0000000011e70000,0x0000000012080000] byte_map_base: 0x0000000011870000

Marking Bits: (ParMarkBitMap*) 0x00000000549f9d00
 Begin Bits: [0x00000000125e0000, 0x00000000135e0000)
 End Bits:   [0x00000000135e0000, 0x00000000145e0000)

Polling page: 0x00000000025f0000

CodeCache: size=245760Kb used=6971Kb max_used=6971Kb free=238788Kb
 bounds [0x0000000002ab0000, 0x0000000003190000, 0x0000000011ab0000]
 total_blobs=1950 nmethods=1686 adapters=178
 compilation: enabled

Compilation events (10 events):
Event: 3.349 Thread 0x0000000016888000 1734   !   2       com.android.dx.cf.direct.MemberListParser::parse (641 bytes)
Event: 3.355 Thread 0x0000000016888000 nmethod 1734 0x000000000317a410 code [0x000000000317ab60, 0x000000000317d758]
Event: 3.355 Thread 0x0000000016888000 1736       2       com.android.dx.command.dexer.Main::access$1802 (6 bytes)
Event: 3.355 Thread 0x0000000016888000 nmethod 1736 0x00000000031697d0 code [0x0000000003169920, 0x0000000003169a50]
Event: 3.355 Thread 0x0000000016888000 1737       2       com.android.dx.command.dexer.Main::access$2002 (6 bytes)
Event: 3.355 Thread 0x0000000016888000 nmethod 1737 0x00000000031694d0 code [0x0000000003169620, 0x0000000003169750]
Event: 3.356 Thread 0x0000000016888000 1738       2       java.util.concurrent.ThreadPoolExecutor::runStateOf (5 bytes)
Event: 3.356 Thread 0x0000000016888000 nmethod 1738 0x0000000003169110 code [0x0000000003169260, 0x0000000003169390]
Event: 3.363 Thread 0x0000000016888000 1739       2       java.util.Collections$UnmodifiableList::get (11 bytes)
Event: 3.363 Thread 0x0000000016888000 nmethod 1739 0x0000000003183510 code [0x0000000003183680, 0x0000000003183808]

GC Heap History (4 events):
Event: 1.393 GC heap before
{Heap before GC invocations=1 (full 0):
 PSYoungGen      total 38400K, used 33280K [0x00000000eab00000, 0x00000000ed580000, 0x0000000100000000)
  eden space 33280K, 100% used [0x00000000eab00000,0x00000000ecb80000,0x00000000ecb80000)
  from space 5120K, 0% used [0x00000000ed080000,0x00000000ed080000,0x00000000ed580000)
  to   space 5120K, 0% used [0x00000000ecb80000,0x00000000ecb80000,0x00000000ed080000)
 ParOldGen       total 87552K, used 0K [0x00000000c0000000, 0x00000000c5580000, 0x00000000eab00000)
  object space 87552K, 0% used [0x00000000c0000000,0x00000000c0000000,0x00000000c5580000)
 Metaspace       used 5837K, capacity 6896K, committed 7040K, reserved 1056768K
  class space    used 566K, capacity 616K, committed 640K, reserved 1048576K
Event: 1.412 GC heap after
Heap after GC invocations=1 (full 0):
 PSYoungGen      total 38400K, used 5109K [0x00000000eab00000, 0x00000000ef600000, 0x0000000100000000)
  eden space 33280K, 0% used [0x00000000eab00000,0x00000000eab00000,0x00000000ecb80000)
  from space 5120K, 99% used [0x00000000ecb80000,0x00000000ed07d490,0x00000000ed080000)
  to   space 5120K, 0% used [0x00000000ef100000,0x00000000ef100000,0x00000000ef600000)
 ParOldGen       total 87552K, used 1460K [0x00000000c0000000, 0x00000000c5580000, 0x00000000eab00000)
  object space 87552K, 1% used [0x00000000c0000000,0x00000000c016d238,0x00000000c5580000)
 Metaspace       used 5837K, capacity 6896K, committed 7040K, reserved 1056768K
  class space    used 566K, capacity 616K, committed 640K, reserved 1048576K
}
Event: 1.918 GC heap before
{Heap before GC invocations=2 (full 0):
 PSYoungGen      total 38400K, used 38389K [0x00000000eab00000, 0x00000000ef600000, 0x0000000100000000)
  eden space 33280K, 100% used [0x00000000eab00000,0x00000000ecb80000,0x00000000ecb80000)
  from space 5120K, 99% used [0x00000000ecb80000,0x00000000ed07d490,0x00000000ed080000)
  to   space 5120K, 0% used [0x00000000ef100000,0x00000000ef100000,0x00000000ef600000)
 ParOldGen       total 87552K, used 1460K [0x00000000c0000000, 0x00000000c5580000, 0x00000000eab00000)
  object space 87552K, 1% used [0x00000000c0000000,0x00000000c016d238,0x00000000c5580000)
 Metaspace       used 6026K, capacity 7088K, committed 7296K, reserved 1056768K
  class space    used 567K, capacity 616K, committed 640K, reserved 1048576K
Event: 1.934 GC heap after
Heap after GC invocations=2 (full 0):
 PSYoungGen      total 71680K, used 5109K [0x00000000eab00000, 0x00000000ef600000, 0x0000000100000000)
  eden space 66560K, 0% used [0x00000000eab00000,0x00000000eab00000,0x00000000eec00000)
  from space 5120K, 99% used [0x00000000ef100000,0x00000000ef5fd6d0,0x00000000ef600000)
  to   space 5120K, 0% used [0x00000000eec00000,0x00000000eec00000,0x00000000ef100000)
 ParOldGen       total 87552K, used 6122K [0x00000000c0000000, 0x00000000c5580000, 0x00000000eab00000)
  object space 87552K, 6% used [0x00000000c0000000,0x00000000c05fabb0,0x00000000c5580000)
 Metaspace       used 6026K, capacity 7088K, committed 7296K, reserved 1056768K
  class space    used 567K, capacity 616K, committed 640K, reserved 1048576K
}

Deoptimization events (10 events):
Event: 1.948 Thread 0x0000000016b9e800 Uncommon trap: reason=bimorphic action=maybe_recompile pc=0x000000000304d6e0 method=java.util.HashMap.getNode(ILjava/lang/Object;)Ljava/util/HashMap$Node; @ 126
Event: 1.963 Thread 0x0000000016b9e800 Uncommon trap: reason=class_check action=maybe_recompile pc=0x0000000002f13194 method=java.util.HashMap.putVal(ILjava/lang/Object;Ljava/lang/Object;ZZ)Ljava/lang/Object; @ 203
Event: 1.965 Thread 0x0000000016a8d000 Uncommon trap: reason=class_check action=maybe_recompile pc=0x0000000002f13194 method=java.util.HashMap.putVal(ILjava/lang/Object;Ljava/lang/Object;ZZ)Ljava/lang/Object; @ 203
Event: 1.965 Thread 0x0000000016a8d000 Uncommon trap: reason=bimorphic action=maybe_recompile pc=0x000000000304d6e0 method=java.util.HashMap.getNode(ILjava/lang/Object;)Ljava/util/HashMap$Node; @ 126
Event: 1.965 Thread 0x0000000016a8d000 Uncommon trap: reason=bimorphic action=maybe_recompile pc=0x000000000304d6e0 method=java.util.HashMap.getNode(ILjava/lang/Object;)Ljava/util/HashMap$Node; @ 126
Event: 1.986 Thread 0x0000000016a8d000 Uncommon trap: reason=bimorphic action=maybe_recompile pc=0x000000000304d6e0 method=java.util.HashMap.getNode(ILjava/lang/Object;)Ljava/util/HashMap$Node; @ 126
Event: 1.986 Thread 0x0000000016a8d000 Uncommon trap: reason=class_check action=maybe_recompile pc=0x0000000002f13194 method=java.util.HashMap.putVal(ILjava/lang/Object;Ljava/lang/Object;ZZ)Ljava/lang/Object; @ 203
Event: 1.986 Thread 0x0000000016a8d000 Uncommon trap: reason=class_check action=maybe_recompile pc=0x0000000002f13194 method=java.util.HashMap.putVal(ILjava/lang/Object;Ljava/lang/Object;ZZ)Ljava/lang/Object; @ 203
Event: 2.324 Thread 0x0000000016b9e800 Uncommon trap: reason=unstable_if action=reinterpret pc=0x00000000030d3950 method=com.android.dx.cf.code.ByteCatchList.listFor(I)Lcom/android/dx/cf/code/ByteCatchList; @ 19
Event: 3.315 Thread 0x0000000016a8d800 Uncommon trap: reason=unstable_if action=reinterpret pc=0x000000000307db1c method=com.android.dx.ssa.SCCP.simulateStmt(Lcom/android/dx/ssa/SsaInsn;)V @ 59

Internal exceptions (3 events):
Event: 0.118 Thread 0x0000000002970800 Exception <a 'java/lang/NoSuchMethodError': Method sun.misc.Unsafe.defineClass(Ljava/lang/String;[BII)Ljava/lang/Class; name or signature does not match> (0x00000000eab07cc0) thrown at [C:\src\android\AOSP-openjdk\external\jetbrains\jdk\hotspot\src\share\vP‘¸«@¾?
Event: 0.118 Thread 0x0000000002970800 Exception <a 'java/lang/NoSuchMethodError': Method sun.misc.Unsafe.prefetchRead(Ljava/lang/Object;J)V name or signature does not match> (0x00000000eab07fa8) thrown at [C:\src\android\AOSP-openjdk\external\jetbrains\jdk\hotspot\src\share\vm\prims\jni.cpp, l3öØPZü?
Event: 1.772 Thread 0x0000000016b9e800 Implicit null exception at 0x0000000002f61129 to 0x0000000002f632c5

Events (10 events):
Event: 1.986 Thread 0x0000000016a8d000 DEOPT PACKING pc=0x0000000002f13194 sp=0x000000001742e6b0
Event: 1.986 Thread 0x0000000016a8d000 DEOPT UNPACKING pc=0x0000000002af556a sp=0x000000001742e638 mode 2
Event: 2.324 Thread 0x0000000016b9e800 Uncommon trap: trap_request=0xffffff65 fr.pc=0x00000000030d3950
Event: 2.324 Thread 0x0000000016b9e800 DEOPT PACKING pc=0x00000000030d3950 sp=0x000000001712e720
Event: 2.324 Thread 0x0000000016b9e800 DEOPT UNPACKING pc=0x0000000002af556a sp=0x000000001712e528 mode 2
Event: 3.315 Thread 0x0000000016a8d800 Uncommon trap: trap_request=0xffffff65 fr.pc=0x000000000307db1c
Event: 3.315 Thread 0x0000000016a8d800 DEOPT PACKING pc=0x000000000307db1c sp=0x000000001752e330
Event: 3.315 Thread 0x0000000016a8d800 DEOPT UNPACKING pc=0x0000000002af556a sp=0x000000001752e318 mode 2
Event: 3.336 Thread 0x0000000016a8d800 DEOPT PACKING pc=0x0000000002f09ad8 sp=0x000000001752e3d0
Event: 3.336 Thread 0x0000000016a8d800 DEOPT UNPACKING pc=0x0000000002af75bf sp=0x000000001752e200 mode 0


Dynamic libraries:
0x00007ff7891a0000 - 0x00007ff7891d1000 	G:\Android\Android Studio\jre\bin\java.exe
0x00007ffa60e80000 - 0x00007ffa61051000 	C:\WINDOWS\SYSTEM32\ntdll.dll
0x00007ffa60b80000 - 0x00007ffa60c2b000 	C:\WINDOWS\System32\KERNEL32.DLL
0x00007ffa5d7c0000 - 0x00007ffa5d9dd000 	C:\WINDOWS\System32\KERNELBASE.dll
0x00007ffa5ea80000 - 0x00007ffa5eb22000 	C:\WINDOWS\System32\ADVAPI32.dll
0x00007ffa60980000 - 0x00007ffa60a1e000 	C:\WINDOWS\System32\msvcrt.dll
0x00007ffa5f190000 - 0x00007ffa5f1e9000 	C:\WINDOWS\System32\sechost.dll
0x00007ffa5ef60000 - 0x00007ffa5f081000 	C:\WINDOWS\System32\RPCRT4.dll
0x00007ffa5e6e0000 - 0x00007ffa5e845000 	C:\WINDOWS\System32\USER32.dll
0x00007ffa5e2d0000 - 0x00007ffa5e2ee000 	C:\WINDOWS\System32\win32u.dll
0x00007ffa5e860000 - 0x00007ffa5e894000 	C:\WINDOWS\System32\GDI32.dll
0x00007ffa5d590000 - 0x00007ffa5d712000 	C:\WINDOWS\System32\gdi32full.dll
0x00007ffa56d80000 - 0x00007ffa56ff9000 	C:\WINDOWS\WinSxS\amd64_microsoft.windows.common-controls_6595b64144ccf1df_6.0.14393.447_none_42191651c6827bb3\COMCTL32.dll
0x00007ffa5e410000 - 0x00007ffa5e6d8000 	C:\WINDOWS\System32\combase.dll
0x00007ffa5da90000 - 0x00007ffa5db85000 	C:\WINDOWS\System32\ucrtbase.dll
0x00007ffa5e3a0000 - 0x00007ffa5e40a000 	C:\WINDOWS\System32\bcryptPrimitives.dll
0x00007ffa5e8b0000 - 0x00007ffa5e8de000 	C:\WINDOWS\System32\IMM32.DLL
0x00000000550c0000 - 0x0000000055192000 	G:\Android\Android Studio\jre\jre\bin\msvcr100.dll
0x0000000054240000 - 0x0000000054a74000 	G:\Android\Android Studio\jre\jre\bin\server\jvm.dll
0x00007ffa5e850000 - 0x00007ffa5e858000 	C:\WINDOWS\System32\PSAPI.DLL
0x00007ffa57000000 - 0x00007ffa57009000 	C:\WINDOWS\SYSTEM32\WSOCK32.dll
0x00007ffa5f120000 - 0x00007ffa5f18a000 	C:\WINDOWS\System32\WS2_32.dll
0x00007ffa5b4e0000 - 0x00007ffa5b503000 	C:\WINDOWS\SYSTEM32\WINMM.dll
0x00007ffa57960000 - 0x00007ffa5796a000 	C:\WINDOWS\SYSTEM32\VERSION.dll
0x00007ffa5b480000 - 0x00007ffa5b4ab000 	C:\WINDOWS\SYSTEM32\WINMMBASE.dll
0x00007ffa5d370000 - 0x00007ffa5d3b2000 	C:\WINDOWS\System32\cfgmgr32.dll
0x00007ffa5ab10000 - 0x00007ffa5ab1f000 	G:\Android\Android Studio\jre\jre\bin\verify.dll
0x00007ffa5a030000 - 0x00007ffa5a059000 	G:\Android\Android Studio\jre\jre\bin\java.dll
0x00007ffa59520000 - 0x00007ffa59536000 	G:\Android\Android Studio\jre\jre\bin\zip.dll
0x00007ffa5f410000 - 0x00007ffa60919000 	C:\WINDOWS\System32\SHELL32.dll
0x00007ffa5db90000 - 0x00007ffa5e26a000 	C:\WINDOWS\System32\windows.storage.dll
0x00007ffa5d320000 - 0x00007ffa5d36c000 	C:\WINDOWS\System32\powrprof.dll
0x00007ffa5f0c0000 - 0x00007ffa5f112000 	C:\WINDOWS\System32\shlwapi.dll
0x00007ffa5d310000 - 0x00007ffa5d31f000 	C:\WINDOWS\System32\kernel.appcore.dll
0x00007ffa5e2f0000 - 0x00007ffa5e399000 	C:\WINDOWS\System32\shcore.dll
0x00007ffa5d2e0000 - 0x00007ffa5d2f4000 	C:\WINDOWS\System32\profapi.dll

VM Arguments:
jvm_args: -Djava.awt.headless=true -Xmx1024M -Dfile.encoding=GBK -Duser.country=CN -Duser.language=zh -Duser.variant 
java_command: com.android.dx.command.Main --dex --force-jumbo --num-threads=4 --multi-dex --output F:\Androidcode\knowdev\app\build\intermediates\transforms\dex\debug\folders\1000\10\com.android.support-design-25.2.0_cdc5313762753776b57e0919cdff37499d1874af F:\Androidcode\knowdev\app\build\intermediates\exploded-aar\com.android.support\design\25.2.0\jars\classes.jar
java_class_path (initial): G:\Android\sdk\build-tools\24.0.3\lib\dx.jar
Launcher Type: SUN_STANDARD

Environment Variables:
JAVA_HOME=E:\Java\jdk1.8.0_25
CLASSPATH=E:\Java\jdk1.8.0_25\lib\dt.jar;E:\Java\jdk1.8.0_25\lib\tools.jar;
PATH=F:\adt-bundle-windows-x86_64-20140702\sdk\tools;F:\adt-bundle-windows-x86_64-20140702\sdk\platform-tools;G:\mysql\mysql-5.7.18-winx64\bin;E:\Java\jdk1.8.0_25\bin;C:\WINDOWS\system32;C:\WINDOWS;C:\WINDOWS\system32\wbem;C:\WINDOWS\System32\Wbem;C:\WINDOWS\System32\WindowsPowerShell\v1.0\;G:\SQLSERVER2012\110\Tools\Binn\;G:\SQLSERVER2012\110\DTS\Binn\;G:\SQLSERVER2012\110\Tools\Binn\ManagementStudio\;G:\Git\cmd;G:\nodejs\;C:\Users\cheng\AppData\Local\Programs\Python\Python35\Scripts\;C:\Users\cheng\AppData\Local\Programs\Python\Python35\;C:\Users\cheng\AppData\Local\Microsoft\WindowsApps;C:\Users\cheng\AppData\Roaming\npm
USERNAME=cheng
OS=Windows_NT
PROCESSOR_IDENTIFIER=Intel64 Family 6 Model 69 Stepping 1, GenuineIntel



---------------  S Y S T E M  ---------------

OS: Windows 10.0 , 64 bit Build 14393 (10.0.14393.0)

CPU:total 4 (2 cores per cpu, 2 threads per core) family 6 model 69 stepping 1, cmov, cx8, fxsr, mmx, sse, sse2, sse3, ssse3, sse4.1, sse4.2, popcnt, avx, avx2, aes, clmul, erms, lzcnt, ht, tsc, tscinvbit, bmi1, bmi2

Memory: 4k page, physical 8290196k(2167632k free), swap 10957984k(5876k free)

vm_info: OpenJDK 64-Bit Server VM (25.76-b03) for windows-amd64 JRE (1.8.0_76-release-b03), built on Jun 29 2016 19:09:20 by "ralucas" with MS VC++ 10.0 (VS2010)

time: Fri Jun 02 20:10:34 2017
elapsed time: 3 seconds (0d 0h 0m 3s)

