#
# There is insufficient memory for the Java Runtime Environment to continue.
# Native memory allocation (malloc) failed to allocate 546384 bytes for Chunk::new
# Possible reasons:
#   The system is out of physical RAM or swap space
#   In 32 bit mode, the process size limit was hit
# Possible solutions:
#   Reduce memory load on the system
#   Increase physical memory or swap space
#   Check if swap backing store is full
#   Use 64 bit Java on a 64 bit OS
#   Decrease Java heap size (-Xmx/-Xms)
#   Decrease number of Java threads
#   Decrease Java thread stack sizes (-Xss)
#   Set larger code cache with -XX:ReservedCodeCacheSize=
# This output file may be truncated or incomplete.
#
#  Out of Memory Error (allocation.cpp:390), pid=15112, tid=0x00000000000020e4
#
# JRE version: OpenJDK Runtime Environment (8.0_76-b03) (build 1.8.0_76-release-b03)
# Java VM: OpenJDK 64-Bit Server VM (25.76-b03 mixed mode windows-amd64 compressed oops)
# Failed to write core dump. Minidumps are not enabled by default on client versions of Windows
#

---------------  T H R E A D  ---------------

Current thread (0x00000000172c3000):  JavaThread "C2 CompilerThread1" daemon [_thread_in_native, id=8420, stack(0x0000000017670000,0x0000000017770000)]

Stack: [0x0000000017670000,0x0000000017770000]
[error occurred during error reporting (printing stack bounds), id 0xc0000005]

Native frames: (J=compiled Java code, j=interpreted, Vv=VM code, C=native code)


Current CompileTask:
C2:   3815 1229   !   4       com.android.dx.cf.code.BytecodeArray::parseInstruction (2764 bytes)


---------------  P R O C E S S  ---------------

Java Threads: ( => current thread )
  0x0000000017521800 JavaThread "pool-2-thread-4" [_thread_blocked, id=11316, stack(0x0000000017e70000,0x0000000017f70000)]
  0x0000000017518000 JavaThread "pool-2-thread-3" [_thread_in_vm, id=516, stack(0x0000000017d70000,0x0000000017e70000)]
  0x0000000017517000 JavaThread "pool-2-thread-2" [_thread_blocked, id=4928, stack(0x0000000017c70000,0x0000000017d70000)]
  0x0000000017516800 JavaThread "pool-3-thread-1" [_thread_blocked, id=8340, stack(0x0000000017b70000,0x0000000017c70000)]
  0x0000000017513800 JavaThread "pool-2-thread-1" [_thread_blocked, id=12964, stack(0x0000000017a70000,0x0000000017b70000)]
  0x00000000172cc800 JavaThread "Service Thread" daemon [_thread_blocked, id=16128, stack(0x0000000017870000,0x0000000017970000)]
  0x00000000172c9000 JavaThread "C1 CompilerThread2" daemon [_thread_blocked, id=14360, stack(0x0000000017770000,0x0000000017870000)]
=>0x00000000172c3000 JavaThread "C2 CompilerThread1" daemon [_thread_in_native, id=8420, stack(0x0000000017670000,0x0000000017770000)]
  0x0000000015bed800 JavaThread "C2 CompilerThread0" daemon [_thread_in_native, id=19260, stack(0x0000000017170000,0x0000000017270000)]
  0x0000000015beb800 JavaThread "Attach Listener" daemon [_thread_blocked, id=11716, stack(0x0000000017070000,0x0000000017170000)]
  0x0000000015c37000 JavaThread "Signal Dispatcher" daemon [_thread_blocked, id=11588, stack(0x0000000016f70000,0x0000000017070000)]
  0x0000000015bc8000 JavaThread "Finalizer" daemon [_thread_blocked, id=15092, stack(0x0000000016e70000,0x0000000016f70000)]
  0x00000000034ff000 JavaThread "Reference Handler" daemon [_thread_blocked, id=13740, stack(0x0000000016d70000,0x0000000016e70000)]
  0x0000000003410800 JavaThread "main" [_thread_blocked, id=13672, stack(0x0000000003310000,0x0000000003410000)]

Other Threads:
  0x0000000015ba5800 VMThread [stack: 0x0000000016c70000,0x0000000016d70000] [id=18492]
  0x00000000172ce000 WatcherThread [stack: 0x0000000017970000,0x0000000017a70000] [id=12368]

VM state:not at safepoint (normal execution)

VM Mutex/Monitor currently owned by a thread:  ([mutex/lock_event])
[0x000000000144c0a0] Heap_lock - owner thread: 0x0000000017513800

Heap:
 PSYoungGen      total 38400K, used 5462K [0x00000000eab00000, 0x00000000ef600000, 0x0000000100000000)
  eden space 33280K, 1% used [0x00000000eab00000,0x00000000eab5d370,0x00000000ecb80000)
  from space 5120K, 99% used [0x00000000ecb80000,0x00000000ed078888,0x00000000ed080000)
  to   space 5120K, 0% used [0x00000000ef100000,0x00000000ef100000,0x00000000ef600000)
 ParOldGen       total 87552K, used 1411K [0x00000000c0000000, 0x00000000c5580000, 0x00000000eab00000)
  object space 87552K, 1% used [0x00000000c0000000,0x00000000c0160e30,0x00000000c5580000)
 Metaspace       used 6063K, capacity 6960K, committed 7040K, reserved 1056768K
  class space    used 576K, capacity 616K, committed 640K, reserved 1048576K

Card table byte_map: [0x00000000128d0000,0x0000000012ae0000] byte_map_base: 0x00000000122d0000

Marking Bits: (ParMarkBitMap*) 0x00000000549f9d00
 Begin Bits: [0x0000000013040000, 0x0000000014040000)
 End Bits:   [0x0000000014040000, 0x0000000015040000)

Polling page: 0x00000000014b0000

CodeCache: size=245760Kb used=5305Kb max_used=5305Kb free=240454Kb
 bounds [0x0000000003510000, 0x0000000003a50000, 0x0000000012510000]
 total_blobs=1576 nmethods=1306 adapters=184
 compilation: enabled

Compilation events (10 events):
Event: 3.514 Thread 0x00000000172c9000 1308       3       com.android.dx.rop.code.PlainCstInsn::withNewRegisters (22 bytes)
Event: 3.514 Thread 0x00000000172c9000 nmethod 1308 0x0000000003a3bf50 code [0x0000000003a3c100, 0x0000000003a3c848]
Event: 3.515 Thread 0x00000000172c9000 1309       3       com.android.dx.cf.code.BasicBlocker::getBlockList (208 bytes)
Event: 3.516 Thread 0x00000000172c9000 nmethod 1309 0x0000000003a3cb90 code [0x0000000003a3ce00, 0x0000000003a3e028]
Event: 3.518 Thread 0x00000000172c9000 1310       3       com.android.dx.dex.code.OutputFinisher::hasLocalInfo (20 bytes)
Event: 3.519 Thread 0x00000000172c9000 nmethod 1310 0x0000000003a3ead0 code [0x0000000003a3ec40, 0x0000000003a3eed0]
Event: 3.520 Thread 0x00000000172c9000 1311       3       com.android.dx.ssa.LocalVariableInfo::addAssignment (43 bytes)
Event: 3.521 Thread 0x00000000172c9000 nmethod 1311 0x0000000003a3ef90 code [0x0000000003a3f180, 0x0000000003a3fa08]
Event: 3.744 Thread 0x00000000172c9000 1312       3       com.android.dx.cf.code.BaseMachine::popArgs (127 bytes)
Event: 3.746 Thread 0x00000000172c9000 nmethod 1312 0x0000000003a3fd90 code [0x0000000003a400a0, 0x0000000003a419e8]

GC Heap History (2 events):
Event: 3.523 GC heap before
{Heap before GC invocations=1 (full 0):
 PSYoungGen      total 38400K, used 33280K [0x00000000eab00000, 0x00000000ed580000, 0x0000000100000000)
  eden space 33280K, 100% used [0x00000000eab00000,0x00000000ecb80000,0x00000000ecb80000)
  from space 5120K, 0% used [0x00000000ed080000,0x00000000ed080000,0x00000000ed580000)
  to   space 5120K, 0% used [0x00000000ecb80000,0x00000000ecb80000,0x00000000ed080000)
 ParOldGen       total 87552K, used 0K [0x00000000c0000000, 0x00000000c5580000, 0x00000000eab00000)
  object space 87552K, 0% used [0x00000000c0000000,0x00000000c0000000,0x00000000c5580000)
 Metaspace       used 6063K, capacity 6960K, committed 7040K, reserved 1056768K
  class space    used 576K, capacity 616K, committed 640K, reserved 1048576K
Event: 3.743 GC heap after
Heap after GC invocations=1 (full 0):
 PSYoungGen      total 38400K, used 5090K [0x00000000eab00000, 0x00000000ef600000, 0x0000000100000000)
  eden space 33280K, 0% used [0x00000000eab00000,0x00000000eab00000,0x00000000ecb80000)
  from space 5120K, 99% used [0x00000000ecb80000,0x00000000ed078888,0x00000000ed080000)
  to   space 5120K, 0% used [0x00000000ef100000,0x00000000ef100000,0x00000000ef600000)
 ParOldGen       total 87552K, used 1411K [0x00000000c0000000, 0x00000000c5580000, 0x00000000eab00000)
  object space 87552K, 1% used [0x00000000c0000000,0x00000000c0160e30,0x00000000c5580000)
 Metaspace       used 6063K, capacity 6960K, committed 7040K, reserved 1056768K
  class space    used 576K, capacity 616K, committed 640K, reserved 1048576K
}

Deoptimization events (4 events):
Event: 1.422 Thread 0x0000000003410800 Uncommon trap: reason=unstable_if action=reinterpret pc=0x0000000003654a10 method=java.lang.String.indexOf(II)I @ 49
Event: 2.022 Thread 0x0000000017513800 Uncommon trap: reason=unstable_if action=reinterpret pc=0x00000000037362b8 method=com.android.dx.rop.code.RegisterSpec.equals(ILcom/android/dx/rop/type/TypeBearer;Lcom/android/dx/rop/code/LocalItem;)Z @ 16
Event: 2.136 Thread 0x0000000017517000 Uncommon trap: reason=unstable_if action=reinterpret pc=0x0000000003732870 method=java.util.BitSet.nextSetBit(I)I @ 87
Event: 2.982 Thread 0x0000000017518000 Uncommon trap: reason=null_check action=make_not_entrant pc=0x00000000037aa8c4 method=com.android.dx.ssa.SsaRenamer.getLocalForNewReg(I)Lcom/android/dx/rop/code/LocalItem; @ 19

Internal exceptions (3 events):
Event: 0.113 Thread 0x0000000003410800 Exception <a 'java/lang/NoSuchMethodError': Method sun.misc.Unsafe.defineClass(Ljava/lang/String;[BII)Ljava/lang/Class; name or signature does not match> (0x00000000eab07cc0) thrown at [C:\src\android\AOSP-openjdk\external\jetbrains\jdk\hotspot\src\share\và)Ö¬é¼?
Event: 0.113 Thread 0x0000000003410800 Exception <a 'java/lang/NoSuchMethodError': Method sun.misc.Unsafe.prefetchRead(Ljava/lang/Object;J)V name or signature does not match> (0x00000000eab07fa8) thrown at [C:\src\android\AOSP-openjdk\external\jetbrains\jdk\hotspot\src\share\vm\prims\jni.cpp, l¸BÎ’Û@
Event: 2.982 Thread 0x0000000017518000 Implicit null exception at 0x00000000037a78c2 to 0x00000000037aa881

Events (10 events):
Event: 2.917 Thread 0x0000000017513800 DEOPT UNPACKING pc=0x00000000035575bf sp=0x0000000017b6e6c0 mode 0
Event: 2.982 Thread 0x0000000017518000 Uncommon trap: trap_request=0xfffffff4 fr.pc=0x00000000037aa8c4
Event: 2.982 Thread 0x0000000017518000 DEOPT PACKING pc=0x00000000037aa8c4 sp=0x0000000017e6e730
Event: 2.982 Thread 0x0000000017518000 DEOPT UNPACKING pc=0x000000000355556a sp=0x0000000017e6e588 mode 2
Event: 3.310 Executing VM operation: ForceSafepoint
Event: 3.346 Executing VM operation: ForceSafepoint done
Event: 3.409 Thread 0x0000000017517000 DEOPT PACKING pc=0x0000000003852077 sp=0x0000000017d6ef60
Event: 3.409 Thread 0x0000000017517000 DEOPT UNPACKING pc=0x00000000035575bf sp=0x0000000017d6ecd0 mode 0
Event: 3.523 Executing VM operation: ParallelGCFailedAllocation
Event: 3.743 Executing VM operation: ParallelGCFailedAllocation done


Dynamic libraries:
0x00007ff7891a0000 - 0x00007ff7891d1000 	G:\Android\Android Studio\jre\bin\java.exe
0x00007ffa60e80000 - 0x00007ffa61051000 	C:\WINDOWS\SYSTEM32\ntdll.dll
0x00007ffa60b80000 - 0x00007ffa60c2b000 	C:\WINDOWS\System32\KERNEL32.DLL
0x00007ffa5d7c0000 - 0x00007ffa5d9dd000 	C:\WINDOWS\System32\KERNELBASE.dll
0x00007ffa5ea80000 - 0x00007ffa5eb22000 	C:\WINDOWS\System32\ADVAPI32.dll
0x00007ffa60980000 - 0x00007ffa60a1e000 	C:\WINDOWS\System32\msvcrt.dll
0x00007ffa5f190000 - 0x00007ffa5f1e9000 	C:\WINDOWS\System32\sechost.dll
0x00007ffa5ef60000 - 0x00007ffa5f081000 	C:\WINDOWS\System32\RPCRT4.dll
0x00007ffa5e6e0000 - 0x00007ffa5e845000 	C:\WINDOWS\System32\USER32.dll
0x00007ffa5e2d0000 - 0x00007ffa5e2ee000 	C:\WINDOWS\System32\win32u.dll
0x00007ffa5e860000 - 0x00007ffa5e894000 	C:\WINDOWS\System32\GDI32.dll
0x00007ffa5d590000 - 0x00007ffa5d712000 	C:\WINDOWS\System32\gdi32full.dll
0x00007ffa56d80000 - 0x00007ffa56ff9000 	C:\WINDOWS\WinSxS\amd64_microsoft.windows.common-controls_6595b64144ccf1df_6.0.14393.447_none_42191651c6827bb3\COMCTL32.dll
0x00007ffa5e410000 - 0x00007ffa5e6d8000 	C:\WINDOWS\System32\combase.dll
0x00007ffa5da90000 - 0x00007ffa5db85000 	C:\WINDOWS\System32\ucrtbase.dll
0x00007ffa5e3a0000 - 0x00007ffa5e40a000 	C:\WINDOWS\System32\bcryptPrimitives.dll
0x00007ffa5e8b0000 - 0x00007ffa5e8de000 	C:\WINDOWS\System32\IMM32.DLL
0x00000000550c0000 - 0x0000000055192000 	G:\Android\Android Studio\jre\jre\bin\msvcr100.dll
0x0000000054240000 - 0x0000000054a74000 	G:\Android\Android Studio\jre\jre\bin\server\jvm.dll
0x00007ffa5e850000 - 0x00007ffa5e858000 	C:\WINDOWS\System32\PSAPI.DLL
0x00007ffa57000000 - 0x00007ffa57009000 	C:\WINDOWS\SYSTEM32\WSOCK32.dll
0x00007ffa5f120000 - 0x00007ffa5f18a000 	C:\WINDOWS\System32\WS2_32.dll
0x00007ffa5b4e0000 - 0x00007ffa5b503000 	C:\WINDOWS\SYSTEM32\WINMM.dll
0x00007ffa57960000 - 0x00007ffa5796a000 	C:\WINDOWS\SYSTEM32\VERSION.dll
0x00007ffa5b480000 - 0x00007ffa5b4ab000 	C:\WINDOWS\SYSTEM32\WINMMBASE.dll
0x00007ffa5d370000 - 0x00007ffa5d3b2000 	C:\WINDOWS\System32\cfgmgr32.dll
0x00007ffa5ab10000 - 0x00007ffa5ab1f000 	G:\Android\Android Studio\jre\jre\bin\verify.dll
0x00007ffa5a030000 - 0x00007ffa5a059000 	G:\Android\Android Studio\jre\jre\bin\java.dll
0x00007ffa59520000 - 0x00007ffa59536000 	G:\Android\Android Studio\jre\jre\bin\zip.dll
0x00007ffa5f410000 - 0x00007ffa60919000 	C:\WINDOWS\System32\SHELL32.dll
0x00007ffa5db90000 - 0x00007ffa5e26a000 	C:\WINDOWS\System32\windows.storage.dll
0x00007ffa5d320000 - 0x00007ffa5d36c000 	C:\WINDOWS\System32\powrprof.dll
0x00007ffa5f0c0000 - 0x00007ffa5f112000 	C:\WINDOWS\System32\shlwapi.dll
0x00007ffa5d310000 - 0x00007ffa5d31f000 	C:\WINDOWS\System32\kernel.appcore.dll
0x00007ffa5e2f0000 - 0x00007ffa5e399000 	C:\WINDOWS\System32\shcore.dll
0x00007ffa5d2e0000 - 0x00007ffa5d2f4000 	C:\WINDOWS\System32\profapi.dll

VM Arguments:
jvm_args: -Djava.awt.headless=true -Xmx1024M -Dfile.encoding=GBK -Duser.country=CN -Duser.language=zh -Duser.variant 
java_command: com.android.dx.command.Main --dex --force-jumbo --num-threads=4 --multi-dex --output F:\Androidcode\knowdev\app\build\intermediates\transforms\dex\debug\folders\1000\10\gson-2.2.4_75e810713d5b901dcd1e33500670671aab30ea61 G:\Android\Android Studio\gradle\m2repository\com\google\code\gson\gson\2.2.4\gson-2.2.4.jar
java_class_path (initial): G:\Android\sdk\build-tools\24.0.3\lib\dx.jar
Launcher Type: SUN_STANDARD

Environment Variables:
JAVA_HOME=E:\Java\jdk1.8.0_25
CLASSPATH=E:\Java\jdk1.8.0_25\lib\dt.jar;E:\Java\jdk1.8.0_25\lib\tools.jar;
PATH=F:\adt-bundle-windows-x86_64-20140702\sdk\tools;F:\adt-bundle-windows-x86_64-20140702\sdk\platform-tools;G:\mysql\mysql-5.7.18-winx64\bin;E:\Java\jdk1.8.0_25\bin;C:\WINDOWS\system32;C:\WINDOWS;C:\WINDOWS\system32\wbem;C:\WINDOWS\System32\Wbem;C:\WINDOWS\System32\WindowsPowerShell\v1.0\;G:\SQLSERVER2012\110\Tools\Binn\;G:\SQLSERVER2012\110\DTS\Binn\;G:\SQLSERVER2012\110\Tools\Binn\ManagementStudio\;G:\Git\cmd;G:\nodejs\;C:\Users\cheng\AppData\Local\Programs\Python\Python35\Scripts\;C:\Users\cheng\AppData\Local\Programs\Python\Python35\;C:\Users\cheng\AppData\Local\Microsoft\WindowsApps;C:\Users\cheng\AppData\Roaming\npm
USERNAME=cheng
OS=Windows_NT
PROCESSOR_IDENTIFIER=Intel64 Family 6 Model 69 Stepping 1, GenuineIntel



---------------  S Y S T E M  ---------------

OS: Windows 10.0 , 64 bit Build 14393 (10.0.14393.0)

CPU:total 4 (2 cores per cpu, 2 threads per core) family 6 model 69 stepping 1, cmov, cx8, fxsr, mmx, sse, sse2, sse3, ssse3, sse4.1, sse4.2, popcnt, avx, avx2, aes, clmul, erms, lzcnt, ht, tsc, tscinvbit, bmi1, bmi2

Memory: 4k page, physical 8290196k(2247332k free), swap 10957984k(5268k free)

vm_info: OpenJDK 64-Bit Server VM (25.76-b03) for windows-amd64 JRE (1.8.0_76-release-b03), built on Jun 29 2016 19:09:20 by "ralucas" with MS VC++ 10.0 (VS2010)

time: Fri Jun 02 20:10:18 2017
elapsed time: 3 seconds (0d 0h 0m 3s)

